2024-05-31 13:50:07.220 [info] Log level: Info
2024-05-31 13:50:07.220 [info] Validating found git in: "git"
2024-05-31 13:50:07.220 [info] Using git "2.45.1" from "git"
2024-05-31 13:50:07.220 [info] > git rev-parse --show-toplevel [22ms]
2024-05-31 13:50:07.220 [info] > git rev-parse --git-dir --git-common-dir [20ms]
2024-05-31 13:50:07.220 [info] Open repository: /mnt/MINE/backup/Projects/Random Projects/Matrix
2024-05-31 13:50:07.220 [info] > git rev-parse --show-toplevel [72ms]
2024-05-31 13:50:07.220 [info] > git config --get commit.template [21ms]
2024-05-31 13:50:07.220 [info] > git rev-parse --show-toplevel [119ms]
2024-05-31 13:50:07.220 [info] > git for-each-ref --format=%(refname)%00%(upstream:short)%00%(objectname)%00%(upstream:track)%00%(upstream:remotename)%00%(upstream:remoteref) refs/heads/main refs/remotes/main [97ms]
2024-05-31 13:50:07.220 [info] > git rev-parse --show-toplevel [31ms]
2024-05-31 13:50:07.220 [info] > git rev-parse --show-toplevel [59ms]
2024-05-31 13:50:07.227 [info] > git status -z -uall [80ms]
2024-05-31 13:50:07.327 [info] > git merge-base refs/heads/main refs/remotes/origin/main [49ms]
2024-05-31 13:50:07.371 [info] > git config --get commit.template [49ms]
2024-05-31 13:50:10.039 [info] > git fetch [3725ms]
2024-05-31 13:50:10.039 [info] Missing or invalid credentials.
Skip silent fetch commands
git@github.com: Permission denied (publickey).
fatal: Could not read from remote repository.

Please make sure you have the correct access rights
and the repository exists.
2024-05-31 13:50:10.045 [info] > git rev-list --count --left-right refs/heads/main...refs/remotes/origin/main [2694ms]
2024-05-31 13:50:10.569 [info] > git diff --name-status -z --diff-filter=ADMR 860973551b14c5471833fdd6839235e47cc68066...refs/remotes/origin/main [492ms]
2024-05-31 13:50:10.900 [info] > git config --get commit.template [387ms]
2024-05-31 13:50:10.900 [info] > git for-each-ref --format=%(refname)%00%(upstream:short)%00%(objectname)%00%(upstream:track)%00%(upstream:remotename)%00%(upstream:remoteref) refs/heads/main refs/remotes/main [435ms]
2024-05-31 13:50:11.092 [info] > git check-ignore -v -z --stdin [253ms]
2024-05-31 13:50:11.094 [info] > git show --textconv :TOHA.html [65ms]
2024-05-31 13:50:11.096 [info] > git ls-files --stage -- /mnt/MINE/backup/Projects/Random Projects/Matrix/TOHA.html [28ms]
2024-05-31 13:50:11.374 [info] > git cat-file -s 55262a3ed0b3edb02cd7d24a4689cbbb4219ab7f [253ms]
2024-05-31 13:50:11.384 [info] > git for-each-ref --format=%(refname)%00%(upstream:short)%00%(objectname)%00%(upstream:track)%00%(upstream:remotename)%00%(upstream:remoteref) refs/heads/main refs/remotes/main [16ms]
2024-05-31 13:50:11.754 [info] > git status -z -uall [74ms]
2024-05-31 13:50:48.233 [info] > git show --textconv :toha.css [208ms]
2024-05-31 13:50:48.237 [info] > git ls-files --stage -- /mnt/MINE/backup/Projects/Random Projects/Matrix/toha.css [121ms]
2024-05-31 13:50:48.315 [info] > git cat-file -s 53baefc9e5f00254f5ab6d27826f022a4238d8ae [29ms]
2024-05-31 13:51:11.140 [info] > git config --get commit.template [39ms]
2024-05-31 13:51:11.158 [info] > git for-each-ref --format=%(refname)%00%(upstream:short)%00%(objectname)%00%(upstream:track)%00%(upstream:remotename)%00%(upstream:remoteref) refs/heads/main refs/remotes/main [21ms]
2024-05-31 13:51:11.257 [info] > git status -z -uall [72ms]
2024-05-31 13:51:32.590 [info] > git config --get commit.template [38ms]
2024-05-31 13:51:32.598 [info] > git for-each-ref --format=%(refname)%00%(upstream:short)%00%(objectname)%00%(upstream:track)%00%(upstream:remotename)%00%(upstream:remoteref) refs/heads/main refs/remotes/main [9ms]
2024-05-31 13:51:32.644 [info] > git status -z -uall [24ms]
2024-05-31 13:53:21.166 [info] > git ls-files --stage -- /mnt/MINE/backup/Projects/Random Projects/Matrix/toha.css [9ms]
2024-05-31 13:53:21.225 [info] > git cat-file -s 53baefc9e5f00254f5ab6d27826f022a4238d8ae [47ms]
2024-05-31 13:53:21.263 [info] > git show --textconv :toha.css [8ms]
2024-05-31 13:53:22.263 [info] > git fetch [2514ms]
2024-05-31 13:53:22.263 [info] Missing or invalid credentials.
Skip silent fetch commands
git@github.com: Permission denied (publickey).
fatal: Could not read from remote repository.

Please make sure you have the correct access rights
and the repository exists.
2024-05-31 13:53:22.309 [info] > git config --get commit.template [22ms]
2024-05-31 13:53:22.334 [info] > git for-each-ref --format=%(refname)%00%(upstream:short)%00%(objectname)%00%(upstream:track)%00%(upstream:remotename)%00%(upstream:remoteref) refs/heads/main refs/remotes/main [28ms]
2024-05-31 13:53:22.596 [info] > git status -z -uall [248ms]
2024-05-31 13:53:38.584 [info] > git config --get commit.template [27ms]
2024-05-31 13:53:38.599 [info] > git for-each-ref --format=%(refname)%00%(upstream:short)%00%(objectname)%00%(upstream:track)%00%(upstream:remotename)%00%(upstream:remoteref) refs/heads/main refs/remotes/main [20ms]
2024-05-31 13:53:38.649 [info] > git status -z -uall [30ms]
2024-05-31 13:53:43.854 [info] > git config --get commit.template [29ms]
2024-05-31 13:53:44.080 [info] > git for-each-ref --format=%(refname)%00%(upstream:short)%00%(objectname)%00%(upstream:track)%00%(upstream:remotename)%00%(upstream:remoteref) refs/heads/main refs/remotes/main [89ms]
2024-05-31 13:53:44.224 [info] > git status -z -uall [64ms]
2024-05-31 13:54:17.705 [info] > git config --get commit.template [12ms]
2024-05-31 13:54:17.739 [info] > git for-each-ref --format=%(refname)%00%(upstream:short)%00%(objectname)%00%(upstream:track)%00%(upstream:remotename)%00%(upstream:remoteref) refs/heads/main refs/remotes/main [13ms]
2024-05-31 13:54:17.795 [info] > git status -z -uall [28ms]
2024-05-31 13:56:24.591 [info] > git ls-files --stage -- /mnt/MINE/backup/Projects/Random Projects/Matrix/toha.css [11ms]
2024-05-31 13:56:24.620 [info] > git cat-file -s 53baefc9e5f00254f5ab6d27826f022a4238d8ae [14ms]
2024-05-31 13:56:24.680 [info] > git show --textconv :toha.css [28ms]
2024-05-31 13:56:25.438 [info] > git fetch [2139ms]
2024-05-31 13:56:25.438 [info] Missing or invalid credentials.
Skip silent fetch commands
git@github.com: Permission denied (publickey).
fatal: Could not read from remote repository.

Please make sure you have the correct access rights
and the repository exists.
2024-05-31 13:56:25.473 [info] > git config --get commit.template [16ms]
2024-05-31 13:56:25.478 [info] > git for-each-ref --format=%(refname)%00%(upstream:short)%00%(objectname)%00%(upstream:track)%00%(upstream:remotename)%00%(upstream:remoteref) refs/heads/main refs/remotes/main [6ms]
2024-05-31 13:56:25.517 [info] > git status -z -uall [19ms]
2024-05-31 13:56:50.045 [info] > git config --get commit.template [22ms]
2024-05-31 13:56:50.056 [info] > git for-each-ref --format=%(refname)%00%(upstream:short)%00%(objectname)%00%(upstream:track)%00%(upstream:remotename)%00%(upstream:remoteref) refs/heads/main refs/remotes/main [14ms]
2024-05-31 13:56:50.089 [info] > git status -z -uall [15ms]
2024-05-31 13:57:56.184 [info] > git config --get commit.template [35ms]
2024-05-31 13:57:56.191 [info] > git for-each-ref --format=%(refname)%00%(upstream:short)%00%(objectname)%00%(upstream:track)%00%(upstream:remotename)%00%(upstream:remoteref) refs/heads/main refs/remotes/main [27ms]
2024-05-31 13:57:56.334 [info] > git status -z -uall [105ms]
2024-05-31 13:58:05.585 [info] > git config --get commit.template [27ms]
2024-05-31 13:58:05.590 [info] > git for-each-ref --format=%(refname)%00%(upstream:short)%00%(objectname)%00%(upstream:track)%00%(upstream:remotename)%00%(upstream:remoteref) refs/heads/main refs/remotes/main [10ms]
2024-05-31 13:58:05.627 [info] > git status -z -uall [20ms]
2024-05-31 13:58:10.671 [info] > git config --get commit.template [16ms]
2024-05-31 13:58:10.677 [info] > git for-each-ref --format=%(refname)%00%(upstream:short)%00%(objectname)%00%(upstream:track)%00%(upstream:remotename)%00%(upstream:remoteref) refs/heads/main refs/remotes/main [7ms]
2024-05-31 13:58:10.718 [info] > git status -z -uall [24ms]
2024-05-31 13:58:18.437 [info] > git config --get commit.template [19ms]
2024-05-31 13:58:18.473 [info] > git for-each-ref --format=%(refname)%00%(upstream:short)%00%(objectname)%00%(upstream:track)%00%(upstream:remotename)%00%(upstream:remoteref) refs/heads/main refs/remotes/main [15ms]
2024-05-31 13:58:18.551 [info] > git status -z -uall [50ms]
2024-05-31 13:59:27.166 [info] > git ls-files --stage -- /mnt/MINE/backup/Projects/Random Projects/Matrix/toha.css [5ms]
2024-05-31 13:59:27.244 [info] > git cat-file -s 53baefc9e5f00254f5ab6d27826f022a4238d8ae [63ms]
2024-05-31 13:59:27.275 [info] > git show --textconv :toha.css [11ms]
2024-05-31 13:59:27.825 [info] > git fetch [2280ms]
2024-05-31 13:59:27.825 [info] Missing or invalid credentials.
Skip silent fetch commands
git@github.com: Permission denied (publickey).
fatal: Could not read from remote repository.

Please make sure you have the correct access rights
and the repository exists.
2024-05-31 13:59:27.860 [info] > git config --get commit.template [17ms]
2024-05-31 13:59:27.864 [info] > git for-each-ref --format=%(refname)%00%(upstream:short)%00%(objectname)%00%(upstream:track)%00%(upstream:remotename)%00%(upstream:remoteref) refs/heads/main refs/remotes/main [6ms]
2024-05-31 13:59:27.893 [info] > git status -z -uall [15ms]
2024-05-31 14:00:49.257 [info] > git config --get commit.template [26ms]
2024-05-31 14:00:49.265 [info] > git for-each-ref --format=%(refname)%00%(upstream:short)%00%(objectname)%00%(upstream:track)%00%(upstream:remotename)%00%(upstream:remoteref) refs/heads/main refs/remotes/main [16ms]
2024-05-31 14:00:49.299 [info] > git status -z -uall [19ms]
2024-05-31 14:01:03.779 [info] > git config --get commit.template [17ms]
2024-05-31 14:01:03.815 [info] > git for-each-ref --format=%(refname)%00%(upstream:short)%00%(objectname)%00%(upstream:track)%00%(upstream:remotename)%00%(upstream:remoteref) refs/heads/main refs/remotes/main [15ms]
2024-05-31 14:01:03.870 [info] > git status -z -uall [30ms]
2024-05-31 14:01:10.191 [info] > git config --get commit.template [122ms]
2024-05-31 14:01:10.233 [info] > git for-each-ref --format=%(refname)%00%(upstream:short)%00%(objectname)%00%(upstream:track)%00%(upstream:remotename)%00%(upstream:remoteref) refs/heads/main refs/remotes/main [112ms]
2024-05-31 14:01:10.342 [info] > git status -z -uall [64ms]
2024-05-31 14:01:24.128 [info] > git config --get commit.template [13ms]
2024-05-31 14:01:24.158 [info] > git for-each-ref --format=%(refname)%00%(upstream:short)%00%(objectname)%00%(upstream:track)%00%(upstream:remotename)%00%(upstream:remoteref) refs/heads/main refs/remotes/main [14ms]
2024-05-31 14:01:24.203 [info] > git status -z -uall [24ms]
2024-05-31 14:01:35.932 [info] > git ls-files --stage -- /mnt/MINE/backup/Projects/Random Projects/Matrix/TOHA.html [16ms]
2024-05-31 14:01:35.970 [info] > git show --textconv :TOHA.html [93ms]
2024-05-31 14:01:35.984 [info] > git cat-file -s 55262a3ed0b3edb02cd7d24a4689cbbb4219ab7f [24ms]
