2024-06-01 12:50:40.782 [info] Log level: Info
2024-06-01 12:50:40.782 [info] Validating found git in: "git"
2024-06-01 12:50:40.782 [info] Using git "2.45.1" from "git"
2024-06-01 12:50:43.912 [info] > git rev-parse --show-toplevel [3143ms]
2024-06-01 12:50:43.912 [info] fatal: not a git repository (or any parent up to mount point /mnt)
Stopping at filesystem boundary (GIT_DISCOVERY_ACROSS_FILESYSTEM not set).
2024-06-01 12:50:53.970 [info] > git rev-parse --show-toplevel [9ms]
2024-06-01 12:50:53.970 [info] fatal: not a git repository (or any parent up to mount point /mnt)
Stopping at filesystem boundary (GIT_DISCOVERY_ACROSS_FILESYSTEM not set).
2024-06-01 12:51:04.949 [info] > git rev-parse --show-toplevel [10ms]
2024-06-01 12:51:04.949 [info] fatal: not a git repository (or any parent up to mount point /mnt)
Stopping at filesystem boundary (GIT_DISCOVERY_ACROSS_FILESYSTEM not set).
2024-06-01 12:51:09.832 [info] > git rev-parse --show-toplevel [4ms]
2024-06-01 12:51:09.832 [info] fatal: not a git repository (or any parent up to mount point /mnt)
Stopping at filesystem boundary (GIT_DISCOVERY_ACROSS_FILESYSTEM not set).
2024-06-01 12:51:15.064 [info] > git rev-parse --show-toplevel [78ms]
2024-06-01 12:51:15.064 [info] fatal: not a git repository (or any parent up to mount point /mnt)
Stopping at filesystem boundary (GIT_DISCOVERY_ACROSS_FILESYSTEM not set).
2024-06-01 12:51:16.835 [info] > git rev-parse --show-toplevel [23ms]
2024-06-01 12:51:16.835 [info] fatal: not a git repository (or any parent up to mount point /mnt)
Stopping at filesystem boundary (GIT_DISCOVERY_ACROSS_FILESYSTEM not set).
2024-06-01 12:51:21.819 [info] > git rev-parse --show-toplevel [19ms]
2024-06-01 12:51:21.819 [info] fatal: not a git repository (or any parent up to mount point /mnt)
Stopping at filesystem boundary (GIT_DISCOVERY_ACROSS_FILESYSTEM not set).
2024-06-01 12:51:27.142 [info] > git rev-parse --show-toplevel [14ms]
2024-06-01 12:51:27.142 [info] fatal: not a git repository (or any parent up to mount point /mnt)
Stopping at filesystem boundary (GIT_DISCOVERY_ACROSS_FILESYSTEM not set).
2024-06-01 12:57:41.569 [info] > git rev-parse --show-toplevel [53ms]
2024-06-01 12:57:41.570 [info] fatal: not a git repository (or any parent up to mount point /mnt)
Stopping at filesystem boundary (GIT_DISCOVERY_ACROSS_FILESYSTEM not set).
2024-06-01 12:58:05.317 [info] > git rev-parse --show-toplevel [383ms]
2024-06-01 12:58:05.317 [info] fatal: not a git repository (or any parent up to mount point /mnt)
Stopping at filesystem boundary (GIT_DISCOVERY_ACROSS_FILESYSTEM not set).
2024-06-01 12:58:35.173 [info] > git rev-parse --show-toplevel [7ms]
2024-06-01 12:58:35.173 [info] fatal: not a git repository (or any parent up to mount point /mnt)
Stopping at filesystem boundary (GIT_DISCOVERY_ACROSS_FILESYSTEM not set).
2024-06-01 12:58:41.302 [info] > git rev-parse --show-toplevel [8ms]
2024-06-01 12:58:41.302 [info] fatal: not a git repository (or any parent up to mount point /mnt)
Stopping at filesystem boundary (GIT_DISCOVERY_ACROSS_FILESYSTEM not set).
2024-06-01 12:58:56.060 [info] > git rev-parse --show-toplevel [18ms]
2024-06-01 12:58:56.060 [info] fatal: not a git repository (or any parent up to mount point /mnt)
Stopping at filesystem boundary (GIT_DISCOVERY_ACROSS_FILESYSTEM not set).
2024-06-01 12:59:52.507 [info] > git rev-parse --show-toplevel [18ms]
2024-06-01 12:59:52.507 [info] fatal: not a git repository (or any parent up to mount point /mnt)
Stopping at filesystem boundary (GIT_DISCOVERY_ACROSS_FILESYSTEM not set).
2024-06-01 13:00:24.920 [info] > git rev-parse --show-toplevel [10ms]
2024-06-01 13:00:24.921 [info] fatal: not a git repository (or any parent up to mount point /mnt)
Stopping at filesystem boundary (GIT_DISCOVERY_ACROSS_FILESYSTEM not set).
2024-06-01 13:00:25.955 [info] > git rev-parse --show-toplevel [6ms]
2024-06-01 13:00:25.956 [info] fatal: not a git repository (or any parent up to mount point /mnt)
Stopping at filesystem boundary (GIT_DISCOVERY_ACROSS_FILESYSTEM not set).
2024-06-01 13:00:44.778 [info] > git rev-parse --show-toplevel [11ms]
2024-06-01 13:00:44.778 [info] fatal: not a git repository (or any parent up to mount point /mnt)
Stopping at filesystem boundary (GIT_DISCOVERY_ACROSS_FILESYSTEM not set).
2024-06-01 13:00:57.025 [info] > git rev-parse --show-toplevel [9ms]
2024-06-01 13:00:57.025 [info] fatal: not a git repository (or any parent up to mount point /mnt)
Stopping at filesystem boundary (GIT_DISCOVERY_ACROSS_FILESYSTEM not set).
2024-06-01 13:00:58.089 [info] > git rev-parse --show-toplevel [5ms]
2024-06-01 13:00:58.089 [info] fatal: not a git repository (or any parent up to mount point /mnt)
Stopping at filesystem boundary (GIT_DISCOVERY_ACROSS_FILESYSTEM not set).
2024-06-01 13:01:00.151 [info] > git rev-parse --show-toplevel [9ms]
2024-06-01 13:01:00.151 [info] fatal: not a git repository (or any parent up to mount point /mnt)
Stopping at filesystem boundary (GIT_DISCOVERY_ACROSS_FILESYSTEM not set).
2024-06-01 13:01:15.445 [info] > git rev-parse --show-toplevel [5ms]
2024-06-01 13:01:15.445 [info] fatal: not a git repository (or any parent up to mount point /mnt)
Stopping at filesystem boundary (GIT_DISCOVERY_ACROSS_FILESYSTEM not set).
2024-06-01 13:01:23.909 [info] > git rev-parse --show-toplevel [9ms]
2024-06-01 13:01:23.909 [info] fatal: not a git repository (or any parent up to mount point /mnt)
Stopping at filesystem boundary (GIT_DISCOVERY_ACROSS_FILESYSTEM not set).
