2024-08-04 02:26:53.424 [info] Added views:workbench.panel.markers.view in workbench.panel.markers
2024-08-04 02:26:53.424 [info] Added views:workbench.panel.output in workbench.panel.output
2024-08-04 02:26:53.424 [info] Added views:terminal in terminal
2024-08-04 02:26:53.424 [info] Added views:outline in workbench.view.explorer
2024-08-04 02:26:53.424 [info] Added views:workbench.scm in workbench.view.scm
2024-08-04 02:26:53.424 [info] Added views:workbench.view.search in workbench.view.search
2024-08-04 02:26:53.424 [info] Added views:timeline in workbench.view.explorer
2024-08-04 02:26:53.424 [info] Added views:workbench.explorer.emptyView in workbench.view.explorer
2024-08-04 02:26:54.725 [info] Added views:workbench.debug.variablesView,workbench.debug.watchExpressionsView,workbench.debug.callStackView,workbench.debug.breakPointsView in workbench.view.debug
2024-08-04 02:26:57.768 [info] Added views:~remote.forwardedPorts in ~remote.forwardedPortsContainer
2024-08-04 02:26:58.716 [info] Added views:workbench.panel.repl.view in workbench.panel.repl
2024-08-04 02:26:58.717 [info] Removed views:workbench.debug.breakPointsView,workbench.debug.callStackView,workbench.debug.watchExpressionsView,workbench.debug.variablesView from workbench.view.debug
2024-08-04 02:26:58.718 [info] Added views:workbench.debug.welcome in workbench.view.debug
2024-08-04 02:27:01.320 [info] Added views:workbench.views.extensions.installed,workbench.views.extensions.popular,extensions.recommendedList in workbench.view.extensions
2024-08-04 02:27:01.333 [info] Removed views:workbench.views.extensions.popular from workbench.view.extensions
2024-08-04 02:27:04.716 [info] Removed views:extensions.recommendedList,workbench.views.extensions.installed from workbench.view.extensions
2024-08-04 02:27:04.740 [info] Added views:workbench.views.extensions.marketplace in workbench.view.extensions
2024-08-04 02:28:15.308 [info] Added views:workbench.panel.markers.view in workbench.panel.markers
2024-08-04 02:28:15.308 [info] Added views:workbench.panel.output in workbench.panel.output
2024-08-04 02:28:15.308 [info] Added views:terminal in terminal
2024-08-04 02:28:15.308 [info] Added views:outline in workbench.view.explorer
2024-08-04 02:28:15.308 [info] Added views:workbench.scm in workbench.view.scm
2024-08-04 02:28:15.308 [info] Added views:workbench.view.search in workbench.view.search
2024-08-04 02:28:15.308 [info] Added views:timeline in workbench.view.explorer
2024-08-04 02:28:15.308 [info] Added views:workbench.explorer.emptyView in workbench.view.explorer
2024-08-04 02:28:15.918 [info] Added views:workbench.debug.welcome in workbench.view.debug
2024-08-04 02:28:18.703 [info] Added views:workbench.panel.repl.view in workbench.panel.repl
2024-08-04 02:28:19.190 [info] Added views:~remote.forwardedPorts in ~remote.forwardedPortsContainer
2024-08-04 02:28:33.562 [info] Added views:workbench.views.extensions.installed,workbench.views.extensions.popular,extensions.recommendedList in workbench.view.extensions
2024-08-04 02:28:33.567 [info] Removed views:workbench.views.extensions.popular from workbench.view.extensions
