2024-06-08 14:39:44.904 [info] Log level: Info
2024-06-08 14:39:44.905 [info] Validating found git in: "git"
2024-06-08 14:39:44.905 [info] Using git "2.45.2" from "git"
2024-06-08 14:39:44.905 [info] > git rev-parse --show-toplevel [23ms]
2024-06-08 14:39:44.905 [info] fatal: not a git repository (or any parent up to mount point /mnt)
Stopping at filesystem boundary (GIT_DISCOVERY_ACROSS_FILESYSTEM not set).
2024-06-08 14:39:44.905 [info] > git rev-parse --show-toplevel [4ms]
2024-06-08 14:39:44.905 [info] fatal: not a git repository (or any parent up to mount point /mnt)
Stopping at filesystem boundary (GIT_DISCOVERY_ACROSS_FILESYSTEM not set).
2024-06-08 14:39:44.905 [info] > git rev-parse --show-toplevel [9ms]
2024-06-08 14:39:44.905 [info] fatal: not a git repository (or any parent up to mount point /mnt)
Stopping at filesystem boundary (GIT_DISCOVERY_ACROSS_FILESYSTEM not set).
2024-06-08 14:39:44.905 [info] > git rev-parse --show-toplevel [9ms]
2024-06-08 14:39:44.905 [info] fatal: not a git repository (or any parent up to mount point /mnt)
Stopping at filesystem boundary (GIT_DISCOVERY_ACROSS_FILESYSTEM not set).
2024-06-08 14:39:47.714 [info] > git rev-parse --show-toplevel [8ms]
2024-06-08 14:39:47.714 [info] fatal: not a git repository (or any parent up to mount point /mnt)
Stopping at filesystem boundary (GIT_DISCOVERY_ACROSS_FILESYSTEM not set).
2024-06-08 14:39:51.340 [info] > git rev-parse --show-toplevel [7ms]
2024-06-08 14:39:51.340 [info] fatal: not a git repository (or any parent up to mount point /mnt)
Stopping at filesystem boundary (GIT_DISCOVERY_ACROSS_FILESYSTEM not set).
