2024-06-01 12:32:17.171 [INFO]: No proxy settings found
2024-06-01 12:32:25.945 [INFO]: Creating manager directory: /tmp/da6069b2-5762-4656-b51b-d92084cf61b7/codeium/manager
2024-06-01 12:32:25.949 [INFO]: 6c2eb02148d739af823f7519cf7ba75a4a439ad9 not found, downloading language server
2024-06-01 12:32:25.960 [INFO]: No proxy settings found
2024-06-01 12:33:15.732 [INFO]: Language server started
2024-06-01 12:33:15.959 [INFO]: [Language Server (stderr)]:
I0601 12:33:15.955359  2907 main.go:558] Starting language server manager with pid 2907
I0601 12:33:15.955618  2907 main.go:110] Manager acquired its lock file /tmp/da6069b2-5762-4656-b51b-d92084cf61b7/codeium/manager/locks/manager.lock
2024-06-01 12:33:15.961 [INFO]: [Language Server (stderr)]:
I0601 12:33:15.956986  2907 main.go:248] Waiting for random port file in /tmp/da6069b2-5762-4656-b51b-d92084cf61b7/codeium/manager/child_random_port_1717225395955923412_2183884343575155076 to be created
2024-06-01 12:33:16.560 [INFO]: [Language Server (stderr)]:
I0601 12:33:16.557112  2915 main.go:552] Starting language server process with pid 2915
I0601 12:33:16.557262  2915 server.go:156] Language server will attempt to listen on host 127.0.0.1
2024-06-01 12:33:16.565 [INFO]: [Language Server (stderr)]:
I0601 12:33:16.557932  2915 server.go:163] Language server listening on random port at 40945
I0601 12:33:16.558138  2915 proxy.go:113] proxyplease.proxy> No proxy provided. Attempting to infer from system.
I0601 12:33:16.558214  2915 proxy.go:113] proxyplease.proxy> No proxy could be determined. Assuming a direct connection.
I0601 12:33:16.558270  2915 client.go:589] [DEBUG] GET https://server.codeium.com/exa.api_server_pb.ApiServerService/GetCompletions
2024-06-01 12:33:17.561 [INFO]: [Language Server (stderr)]:
I0601 12:33:17.559547  2915 unleash.go:90] Initializing Unleash
2024-06-01 12:33:18.286 [INFO]: [Language Server (stderr)]:
I0601 12:33:18.284393  2915 unleash.go:110] Successfully initialized Unleash
2024-06-01 12:33:18.349 [INFO]: [Language Server (stderr)]:
E0601 12:33:18.347460  2915 client_manager.go:270] Metadata is nil when trying to refresh user JWT
2024-06-01 12:33:19.066 [INFO]: [Language Server (stderr)]:
I0601 12:33:19.064601  2915 server.go:355] Successfully created API server client
2024-06-01 12:33:19.194 [INFO]: [Language Server (stderr)]:
I0601 12:33:19.191093  2915 server.go:364] Successfully initialized tokenizer
2024-06-01 12:33:19.429 [INFO]: [Language Server (stderr)]:
I0601 12:33:19.427460  2915 server.go:470] Local search is enabled, will index local files.
I0601 12:33:19.427524  2915 server.go:474] Using 1 indexer workers
I0601 12:33:19.427623  2915 search_provider.go:193] Using database at /home/exia/.codeium/database/9c0694567290725d9dcba14ade58e297/2/MODEL_EMBED_6591
2024-06-01 12:33:19.454 [INFO]: [Language Server (stderr)]:
I0601 12:33:19.453088  2915 database.go:127] Bad db state detected: false
2024-06-01 12:33:19.458 [INFO]: [Language Server (stderr)]:
I0601 12:33:19.456518  2915 search_provider.go:206] Successfully created embedding search database in 28ms
2024-06-01 12:33:19.460 [INFO]: [Language Server (stderr)]:
I0601 12:33:19.457357  2915 search_provider.go:228] Successfully created and started indexer
I0601 12:33:19.457462  2915 search_provider.go:254] Successfully created embedding search provider
I0601 12:33:19.457495  2915 server.go:509] Successfully created exact search provider
2024-06-01 12:33:19.471 [INFO]: [Language Server (stderr)]:
I0601 12:33:19.469792  2915 server.go:539] Successfully created completion provider
2024-06-01 12:33:19.473 [INFO]: [Language Server (stderr)]:
I0601 12:33:19.470033  2915 server.go:588] Child process attempting to acquire lock file /tmp/da6069b2-5762-4656-b51b-d92084cf61b7/codeium/manager/locks/child_lock_1717225395956009004_4198868242557066069
I0601 12:33:19.470177  2915 server.go:596] Child process acquired lock file /tmp/da6069b2-5762-4656-b51b-d92084cf61b7/codeium/manager/locks/child_lock_1717225395956009004_4198868242557066069
2024-06-01 12:33:19.488 [INFO]: [Language Server (stderr)]:
I0601 12:33:19.486688  2915 server.go:183] LSP listening on random port at 39935
2024-06-01 12:33:19.491 [INFO]: [Language Server (stderr)]:
I0601 12:33:19.487823  2915 web_server.go:239] Chat Web Server listening at ws://127.0.0.1:35157
2024-06-01 12:33:19.577 [INFO]: [Language Server (stdout)]:
39935
2024-06-01 12:33:19.578 [INFO]: [Language Server (stderr)]:
I0601 12:33:19.576272  2907 main.go:284] Language server manager found random server port 40945
I0601 12:33:19.576354  2907 main.go:285] Language server manager found random lsp port 39935
I0601 12:33:19.576384  2907 main.go:292] Language server manager attempting to connect to language server at 127.0.0.1:40945
2024-06-01 12:33:19.633 [INFO]: [Language Server (stderr)]:
I0601 12:33:19.627996  2907 main.go:163] Fixing language server port at 40945
I0601 12:33:19.628072  2907 main.go:343] Language server manager successfully connected to new language server at 127.0.0.1:40945
2024-06-01 12:33:19.674 [INFO]: Found language server running on port 40945
2024-06-01 12:33:19.707 [INFO]: Downloaded binary: /home/exia/.codeium/bin/af6b6c543b224d348a8876f0c06245d9ea7929c5/ripgrep_linux_x64
2024-06-01 12:33:19.738 [INFO]: [Language Server (stderr)]:
I0601 12:33:19.737569  2915 rpcs_miscellaneous.go:118] Ripgrep available at /home/exia/.codeium/bin/af6b6c543b224d348a8876f0c06245d9ea7929c5/ripgrep_linux_x64
2024-06-01 12:33:19.852 [INFO]: [Language Server (stderr)]:
I0601 12:33:19.850663  2915 rpcs_miscellaneous.go:312] University version is up to date.
2024-06-01 12:33:20.145 [INFO]: [Language Server (stderr)]:
I0601 12:33:20.144487  2915 utils.go:163] Analyzing workspace files for /mnt/MINE/backup/Projects/Random Projects/Matrix/
2024-06-01 12:33:20.182 [INFO]: [Language Server (stderr)]:
I0601 12:33:20.180343  2915 utils.go:223] Done analyzing workspace files for /mnt/MINE/backup/Projects/Random Projects/Matrix/
I0601 12:33:20.180425  2915 lsp.go:208] Found 38 files in workspace /mnt/MINE/backup/Projects/Random Projects/Matrix/
2024-06-01 12:33:20.217 [INFO]: [Language Server (stderr)]:
I0601 12:33:20.208838  2915 lsp.go:232] Adding workspace listener for [0xc001f70d20]
I0601 12:33:20.209036  2915 indexing_listener.go:187] Add workspace event with uid: 1
2024-06-01 12:33:20.459 [INFO]: [Language Server (stderr)]:
I0601 12:33:20.453443  2915 lazy_model.go:29] Successfully created faiss index
2024-06-01 12:33:21.265 [INFO]: [Language Server (stderr)]:
I0601 12:33:21.261936  2915 indexing_listener.go:220] Done enqueue workspace with uid: 1
2024-06-01 12:33:22.911 [INFO]: [Language Server (stderr)]:
I0601 12:33:22.898697  2915 lazy_model.go:29] Successfully created faiss index
2024-06-01 12:36:39.713 [INFO]: Disposing language server process
2024-06-01 12:36:39.714 [INFO]: Deleting manager directory: /tmp/da6069b2-5762-4656-b51b-d92084cf61b7/codeium/manager
2024-06-01 12:36:39.724 [INFO]: Successfully disposed language server
2024-06-01 12:36:39.815 [INFO]: [Language Server (stderr)]:
W0601 12:36:39.715360  2907 main.go:114] Language server manager got signal terminated, shutting down
