2024-08-13 09:50:10.096 [info] Started initializing default profile extensions in extensions installation folder. file:///home/exia/.vscode-oss/extensions
2024-08-13 09:50:10.337 [info] Completed initializing default profile extensions in extensions installation folder. file:///home/exia/.vscode-oss/extensions
2024-08-13 09:50:10.492 [error] [uncaught exception in sharedProcess]: Error: ENOENT: no such file or directory, stat '/home/exia/.vscode-oss/extensions/extensions.json.vsctmp': EntryNotFound (FileSystemError): Error: ENOENT: no such file or directory, stat '/home/exia/.vscode-oss/extensions/extensions.json.vsctmp'
    at o.create (/usr/lib/code/out/vs/code/node/sharedProcess/sharedProcessMain.js:54:19408)
    at u (/usr/lib/code/out/vs/code/node/sharedProcess/sharedProcessMain.js:54:19519)
    at p.hb (/usr/lib/code/out/vs/code/node/sharedProcess/sharedProcessMain.js:59:36714)
    at p.stat (/usr/lib/code/out/vs/code/node/sharedProcess/sharedProcessMain.js:59:29034)
    at async c.stat (/usr/lib/code/out/vs/code/node/sharedProcess/sharedProcessMain.js:59:14940)
    at async z.ub (/usr/lib/code/out/vs/code/node/sharedProcess/sharedProcessMain.js:105:120384)
2024-08-13 09:51:07.494 [info] Getting Manifest... kamikillerto.vscode-colorize
2024-08-13 09:51:07.774 [info] Installing extension: kamikillerto.vscode-colorize {"isMachineScoped":false,"installPreReleaseVersion":false,"pinned":false,"profileLocation":{"$mid":1,"external":"vscode-userdata:/home/exia/.vscode-oss/extensions/extensions.json","path":"/home/exia/.vscode-oss/extensions/extensions.json","scheme":"vscode-userdata"},"installOnlyNewlyAddedFromExtensionPack":true,"isApplicationScoped":false,"productVersion":{"version":"1.92.1","date":"2024-08-09T07:48:41.621Z"}}
2024-08-13 09:51:08.566 [error] Could not load vsce-sign module Cannot find module '@vscode/vsce-sign'
Require stack:
- /usr/lib/code/out/bootstrap-fork.js
2024-08-13 09:51:08.567 [info] Extension signature verification is not done: kamikillerto.vscode-colorize
2024-08-13 09:51:09.129 [info] Extracted extension to file:///home/exia/.vscode-oss/extensions/kamikillerto.vscode-colorize-0.11.1-universal: kamikillerto.vscode-colorize
2024-08-13 09:51:09.140 [info] Renamed to /home/exia/.vscode-oss/extensions/kamikillerto.vscode-colorize-0.11.1-universal
2024-08-13 09:51:09.182 [info] Extension installed successfully: kamikillerto.vscode-colorize vscode-userdata:/home/exia/.vscode-oss/extensions/extensions.json
2024-08-13 09:51:09.261 [error] [uncaught exception in sharedProcess]: Error: ENOENT: no such file or directory, stat '/home/exia/.vscode-oss/extensions/extensions.json.vsctmp': EntryNotFound (FileSystemError): Error: ENOENT: no such file or directory, stat '/home/exia/.vscode-oss/extensions/extensions.json.vsctmp'
    at o.create (/usr/lib/code/out/vs/code/node/sharedProcess/sharedProcessMain.js:54:19408)
    at u (/usr/lib/code/out/vs/code/node/sharedProcess/sharedProcessMain.js:54:19519)
    at p.hb (/usr/lib/code/out/vs/code/node/sharedProcess/sharedProcessMain.js:59:36714)
    at p.stat (/usr/lib/code/out/vs/code/node/sharedProcess/sharedProcessMain.js:59:29034)
    at async c.stat (/usr/lib/code/out/vs/code/node/sharedProcess/sharedProcessMain.js:59:14940)
    at async z.ub (/usr/lib/code/out/vs/code/node/sharedProcess/sharedProcessMain.js:105:120384)
