2024-05-25 08:29:36.919 [info] Extension host with pid 6522 started
2024-05-25 08:29:36.919 [info] Skipping acquiring lock for /home/exia/.config/Code - OSS/User/workspaceStorage/25b5aa052fdb75ad37cedb36411f3075.
2024-05-25 08:29:37.330 [info] ExtensionService#_doActivateExtension vscode.git-base, startup: true, activationEvent: '*', root cause: vscode.git
2024-05-25 08:29:37.371 [info] ExtensionService#_doActivateExtension s-nlf-fh.glassit, startup: true, activationEvent: '*'
2024-05-25 08:29:37.483 [info] ExtensionService#_doActivateExtension vscode.npm, startup: true, activationEvent: 'workspaceContains:package.json'
2024-05-25 08:29:37.858 [info] ExtensionService#_doActivateExtension vscode.git, startup: true, activationEvent: '*'
2024-05-25 08:29:37.920 [info] ExtensionService#_doActivateExtension vscode.github, startup: true, activationEvent: '*'
2024-05-25 08:29:38.140 [info] Eager extensions activated
2024-05-25 08:29:38.320 [info] ExtensionService#_doActivateExtension vscode.json-language-features, startup: false, activationEvent: 'onLanguage:jsonc'
2024-05-25 08:29:38.483 [info] ExtensionService#_doActivateExtension vscode.typescript-language-features, startup: false, activationEvent: 'onLanguage:jsonc'
2024-05-25 08:29:38.641 [info] ExtensionService#_doActivateExtension vscode.emmet, startup: false, activationEvent: 'onLanguage'
2024-05-25 08:29:38.680 [info] ExtensionService#_doActivateExtension vscode.debug-auto-launch, startup: false, activationEvent: 'onStartupFinished'
2024-05-25 08:29:38.686 [info] ExtensionService#_doActivateExtension vscode.merge-conflict, startup: false, activationEvent: 'onStartupFinished'
2024-05-25 08:29:38.738 [info] ExtensionService#_doActivateExtension Codeium.codeium, startup: false, activationEvent: 'onStartupFinished'
2024-05-25 08:29:39.477 [info] ExtensionService#_doActivateExtension dbaeumer.vscode-eslint, startup: false, activationEvent: 'onStartupFinished'
2024-05-25 08:29:39.535 [info] ExtensionService#_doActivateExtension ritwickdey.LiveServer, startup: false, activationEvent: 'onStartupFinished'
2024-05-25 08:29:39.576 [info] ExtensionService#_doActivateExtension unthrottled.doki-theme, startup: false, activationEvent: 'onStartupFinished'
2024-05-25 08:29:42.057 [info] ExtensionService#_doActivateExtension vscode.github-authentication, startup: false, activationEvent: 'onAuthenticationRequest:github'
2024-05-25 08:30:12.437 [info] ExtensionService#_doActivateExtension vscode.html-language-features, startup: false, activationEvent: 'onLanguage:html'
2024-05-25 08:30:43.049 [info] Extension host terminating: renderer closed the MessagePort
2024-05-25 08:30:43.110 [error] Canceled: Canceled
	at new O (/usr/lib/code/out/vs/workbench/api/node/extensionHostProcess.js:143:47131)
	at c.U (/usr/lib/code/out/vs/workbench/api/node/extensionHostProcess.js:150:5542)
	at F.<computed>.z.charCodeAt.F.<computed> (/usr/lib/code/out/vs/workbench/api/node/extensionHostProcess.js:150:2993)
	at r.g (/usr/lib/code/out/vs/workbench/api/node/extensionHostProcess.js:153:188926)
	at r.executeCommand (/usr/lib/code/out/vs/workbench/api/node/extensionHostProcess.js:153:188364)
	at k.registerCommand.description (/usr/lib/code/out/vs/workbench/api/node/extensionHostProcess.js:153:187688)
	at r.h (/usr/lib/code/out/vs/workbench/api/node/extensionHostProcess.js:153:189465)
	at r.g (/usr/lib/code/out/vs/workbench/api/node/extensionHostProcess.js:153:188457)
	at r.executeCommand (/usr/lib/code/out/vs/workbench/api/node/extensionHostProcess.js:153:188364)
	at Object.executeCommand (/usr/lib/code/out/vs/workbench/api/node/extensionHostProcess.js:163:22673)
	at a.O [as value] (/usr/lib/code/extensions/git/dist/main.js:2:945138)
	at o.y (/usr/lib/code/out/vs/workbench/api/node/extensionHostProcess.js:82:660)
	at o.z (/usr/lib/code/out/vs/workbench/api/node/extensionHostProcess.js:82:730)
	at o.fire (/usr/lib/code/out/vs/workbench/api/node/extensionHostProcess.js:82:946)
	at Object.p [as dispose] (/usr/lib/code/extensions/git/dist/main.js:2:964222)
	at /usr/lib/code/extensions/git/dist/main.js:2:970260
	at Array.forEach (<anonymous>)
	at f.dispose (/usr/lib/code/extensions/git/dist/main.js:2:970246)
	at h.<anonymous> (/usr/lib/code/out/vs/workbench/api/node/extensionHostProcess.js:151:3955)
	at h.dispose (/usr/lib/code/out/vs/workbench/api/node/extensionHostProcess.js:151:4052)
	at h.<anonymous> (/usr/lib/code/extensions/git/dist/main.js:2:947395)
	at h.dispose (/usr/lib/code/out/vs/workbench/api/node/extensionHostProcess.js:151:4052)
	at a (/usr/lib/code/out/vs/workbench/api/node/extensionHostProcess.js:30:744)
	at f.eb (/usr/lib/code/out/vs/workbench/api/node/extensionHostProcess.js:159:9975)
	at /usr/lib/code/out/vs/workbench/api/node/extensionHostProcess.js:159:7824
	at Array.map (<anonymous>)
	at f.$ (/usr/lib/code/out/vs/workbench/api/node/extensionHostProcess.js:159:7811)
	at f.terminate (/usr/lib/code/out/vs/workbench/api/node/extensionHostProcess.js:159:8085)
	at a.terminate (/usr/lib/code/out/vs/workbench/api/node/extensionHostProcess.js:163:1513)
	at t (/usr/lib/code/out/vs/workbench/api/node/extensionHostProcess.js:176:9922)
	at MessagePortMain.<anonymous> (/usr/lib/code/out/vs/workbench/api/node/extensionHostProcess.js:176:6347)
	at MessagePortMain.emit (node:events:517:28)
	at MessagePortMain.emit (node:domain:489:12)
	at MessagePortMain._internalPort.emit (node:electron/js2c/utility_init:2:2285) setContext undefined
2024-05-25 08:30:43.113 [error] Canceled: Canceled
	at new O (/usr/lib/code/out/vs/workbench/api/node/extensionHostProcess.js:143:47131)
	at c.U (/usr/lib/code/out/vs/workbench/api/node/extensionHostProcess.js:150:5542)
	at F.<computed>.z.charCodeAt.F.<computed> (/usr/lib/code/out/vs/workbench/api/node/extensionHostProcess.js:150:2993)
	at r.g (/usr/lib/code/out/vs/workbench/api/node/extensionHostProcess.js:153:188926)
	at r.executeCommand (/usr/lib/code/out/vs/workbench/api/node/extensionHostProcess.js:153:188364)
	at k.registerCommand.description (/usr/lib/code/out/vs/workbench/api/node/extensionHostProcess.js:153:187688)
	at r.h (/usr/lib/code/out/vs/workbench/api/node/extensionHostProcess.js:153:189465)
	at r.g (/usr/lib/code/out/vs/workbench/api/node/extensionHostProcess.js:153:188457)
	at r.executeCommand (/usr/lib/code/out/vs/workbench/api/node/extensionHostProcess.js:153:188364)
	at Object.executeCommand (/usr/lib/code/out/vs/workbench/api/node/extensionHostProcess.js:163:22673)
	at set hasGitHubRepositories [as hasGitHubRepositories] (/usr/lib/code/extensions/github/dist/extension.js:2:322969)
	at /usr/lib/code/extensions/github/dist/extension.js:2:323928
	at a.value (/usr/lib/code/extensions/git/dist/main.js:2:1050711)
	at o.y (/usr/lib/code/out/vs/workbench/api/node/extensionHostProcess.js:82:660)
	at o.z (/usr/lib/code/out/vs/workbench/api/node/extensionHostProcess.js:82:730)
	at o.fire (/usr/lib/code/out/vs/workbench/api/node/extensionHostProcess.js:82:946)
	at Object.p [as dispose] (/usr/lib/code/extensions/git/dist/main.js:2:964222)
	at /usr/lib/code/extensions/git/dist/main.js:2:970260
	at Array.forEach (<anonymous>)
	at f.dispose (/usr/lib/code/extensions/git/dist/main.js:2:970246)
	at h.<anonymous> (/usr/lib/code/out/vs/workbench/api/node/extensionHostProcess.js:151:3955)
	at h.dispose (/usr/lib/code/out/vs/workbench/api/node/extensionHostProcess.js:151:4052)
	at h.<anonymous> (/usr/lib/code/extensions/git/dist/main.js:2:947395)
	at h.dispose (/usr/lib/code/out/vs/workbench/api/node/extensionHostProcess.js:151:4052)
	at a (/usr/lib/code/out/vs/workbench/api/node/extensionHostProcess.js:30:744)
	at f.eb (/usr/lib/code/out/vs/workbench/api/node/extensionHostProcess.js:159:9975)
	at /usr/lib/code/out/vs/workbench/api/node/extensionHostProcess.js:159:7824
	at Array.map (<anonymous>)
	at f.$ (/usr/lib/code/out/vs/workbench/api/node/extensionHostProcess.js:159:7811)
	at f.terminate (/usr/lib/code/out/vs/workbench/api/node/extensionHostProcess.js:159:8085)
	at a.terminate (/usr/lib/code/out/vs/workbench/api/node/extensionHostProcess.js:163:1513)
	at t (/usr/lib/code/out/vs/workbench/api/node/extensionHostProcess.js:176:9922)
	at MessagePortMain.<anonymous> (/usr/lib/code/out/vs/workbench/api/node/extensionHostProcess.js:176:6347)
	at MessagePortMain.emit (node:events:517:28)
	at MessagePortMain.emit (node:domain:489:12)
	at MessagePortMain._internalPort.emit (node:electron/js2c/utility_init:2:2285) setContext undefined
2024-05-25 08:30:43.124 [info] Extension host with pid 6522 exiting with code 0
2024-05-25 08:30:44.623 [info] Extension host with pid 6764 started
2024-05-25 08:30:44.623 [info] Skipping acquiring lock for /home/exia/.config/Code - OSS/User/workspaceStorage/25b5aa052fdb75ad37cedb36411f3075.
2024-05-25 08:30:44.644 [info] ExtensionService#_doActivateExtension vscode.json-language-features, startup: false, activationEvent: 'onLanguage:jsonc'
2024-05-25 08:30:44.710 [info] ExtensionService#_doActivateExtension vscode.typescript-language-features, startup: false, activationEvent: 'onLanguage:jsonc'
2024-05-25 08:30:44.786 [info] ExtensionService#_doActivateExtension vscode.emmet, startup: false, activationEvent: 'onLanguage'
2024-05-25 08:30:44.799 [info] ExtensionService#_doActivateExtension vscode.github-authentication, startup: false, activationEvent: 'onAuthenticationRequest:github'
2024-05-25 08:30:44.827 [info] ExtensionService#_doActivateExtension vscode.html-language-features, startup: false, activationEvent: 'onLanguage:html'
2024-05-25 08:30:44.997 [info] ExtensionService#_doActivateExtension vscode.git-base, startup: false, activationEvent: 'onFileSystem:git', root cause: vscode.git
2024-05-25 08:30:45.210 [info] ExtensionService#_doActivateExtension vscode.git, startup: false, activationEvent: 'onFileSystem:git'
2024-05-25 08:30:45.800 [info] ExtensionService#_doActivateExtension vscode.github, startup: true, activationEvent: '*'
2024-05-25 08:30:45.839 [info] ExtensionService#_doActivateExtension s-nlf-fh.glassit, startup: true, activationEvent: '*'
2024-05-25 08:30:45.910 [info] ExtensionService#_doActivateExtension vscode.npm, startup: true, activationEvent: 'workspaceContains:package.json'
2024-05-25 08:30:46.392 [info] Eager extensions activated
2024-05-25 08:30:46.447 [info] ExtensionService#_doActivateExtension vscode.debug-auto-launch, startup: false, activationEvent: 'onStartupFinished'
2024-05-25 08:30:46.465 [info] ExtensionService#_doActivateExtension vscode.merge-conflict, startup: false, activationEvent: 'onStartupFinished'
2024-05-25 08:30:46.499 [info] ExtensionService#_doActivateExtension Codeium.codeium, startup: false, activationEvent: 'onStartupFinished'
2024-05-25 08:30:48.174 [info] ExtensionService#_doActivateExtension dbaeumer.vscode-eslint, startup: false, activationEvent: 'onStartupFinished'
2024-05-25 08:30:48.244 [info] ExtensionService#_doActivateExtension ritwickdey.LiveServer, startup: false, activationEvent: 'onStartupFinished'
2024-05-25 08:30:48.298 [info] ExtensionService#_doActivateExtension unthrottled.doki-theme, startup: false, activationEvent: 'onStartupFinished'
2024-05-25 08:35:14.990 [info] ExtensionService#_doActivateExtension vscode.css-language-features, startup: false, activationEvent: 'onLanguage:css'
2024-05-25 08:42:13.943 [info] ExtensionService#_doActivateExtension vscode.extension-editing, startup: false, activationEvent: 'onLanguage:markdown'
2024-05-25 08:42:14.010 [info] ExtensionService#_doActivateExtension vscode.markdown-language-features, startup: false, activationEvent: 'onLanguage:markdown'
2024-05-25 08:42:15.928 [info] ExtensionService#_doActivateExtension vscode.markdown-math, startup: false, activationEvent: 'api', root cause: vscode.markdown-language-features
2024-05-25 08:51:13.083 [info] Extension host terminating: renderer closed the MessagePort
2024-05-25 08:51:13.284 [error] Canceled: Canceled
	at new O (/usr/lib/code/out/vs/workbench/api/node/extensionHostProcess.js:143:47131)
	at c.U (/usr/lib/code/out/vs/workbench/api/node/extensionHostProcess.js:150:5542)
	at F.<computed>.z.charCodeAt.F.<computed> (/usr/lib/code/out/vs/workbench/api/node/extensionHostProcess.js:150:2993)
	at r.g (/usr/lib/code/out/vs/workbench/api/node/extensionHostProcess.js:153:188926)
	at r.executeCommand (/usr/lib/code/out/vs/workbench/api/node/extensionHostProcess.js:153:188364)
	at k.registerCommand.description (/usr/lib/code/out/vs/workbench/api/node/extensionHostProcess.js:153:187688)
	at r.h (/usr/lib/code/out/vs/workbench/api/node/extensionHostProcess.js:153:189465)
	at r.g (/usr/lib/code/out/vs/workbench/api/node/extensionHostProcess.js:153:188457)
	at r.executeCommand (/usr/lib/code/out/vs/workbench/api/node/extensionHostProcess.js:153:188364)
	at Object.executeCommand (/usr/lib/code/out/vs/workbench/api/node/extensionHostProcess.js:163:22673)
	at a.O [as value] (/usr/lib/code/extensions/git/dist/main.js:2:945138)
	at o.y (/usr/lib/code/out/vs/workbench/api/node/extensionHostProcess.js:82:660)
	at o.z (/usr/lib/code/out/vs/workbench/api/node/extensionHostProcess.js:82:730)
	at o.fire (/usr/lib/code/out/vs/workbench/api/node/extensionHostProcess.js:82:946)
	at Object.p [as dispose] (/usr/lib/code/extensions/git/dist/main.js:2:964222)
	at /usr/lib/code/extensions/git/dist/main.js:2:970260
	at Array.forEach (<anonymous>)
	at f.dispose (/usr/lib/code/extensions/git/dist/main.js:2:970246)
	at h.<anonymous> (/usr/lib/code/out/vs/workbench/api/node/extensionHostProcess.js:151:3955)
	at h.dispose (/usr/lib/code/out/vs/workbench/api/node/extensionHostProcess.js:151:4052)
	at h.<anonymous> (/usr/lib/code/extensions/git/dist/main.js:2:947395)
	at h.dispose (/usr/lib/code/out/vs/workbench/api/node/extensionHostProcess.js:151:4052)
	at a (/usr/lib/code/out/vs/workbench/api/node/extensionHostProcess.js:30:744)
	at f.eb (/usr/lib/code/out/vs/workbench/api/node/extensionHostProcess.js:159:9975)
	at /usr/lib/code/out/vs/workbench/api/node/extensionHostProcess.js:159:7824
	at Array.map (<anonymous>)
	at f.$ (/usr/lib/code/out/vs/workbench/api/node/extensionHostProcess.js:159:7811)
	at f.terminate (/usr/lib/code/out/vs/workbench/api/node/extensionHostProcess.js:159:8085)
	at a.terminate (/usr/lib/code/out/vs/workbench/api/node/extensionHostProcess.js:163:1513)
	at t (/usr/lib/code/out/vs/workbench/api/node/extensionHostProcess.js:176:9922)
	at MessagePortMain.<anonymous> (/usr/lib/code/out/vs/workbench/api/node/extensionHostProcess.js:176:6347)
	at MessagePortMain.emit (node:events:517:28)
	at MessagePortMain.emit (node:domain:489:12)
	at MessagePortMain._internalPort.emit (node:electron/js2c/utility_init:2:2285) setContext undefined
2024-05-25 08:51:13.292 [error] Canceled: Canceled
	at new O (/usr/lib/code/out/vs/workbench/api/node/extensionHostProcess.js:143:47131)
	at c.U (/usr/lib/code/out/vs/workbench/api/node/extensionHostProcess.js:150:5542)
	at F.<computed>.z.charCodeAt.F.<computed> (/usr/lib/code/out/vs/workbench/api/node/extensionHostProcess.js:150:2993)
	at r.g (/usr/lib/code/out/vs/workbench/api/node/extensionHostProcess.js:153:188926)
	at r.executeCommand (/usr/lib/code/out/vs/workbench/api/node/extensionHostProcess.js:153:188364)
	at k.registerCommand.description (/usr/lib/code/out/vs/workbench/api/node/extensionHostProcess.js:153:187688)
	at r.h (/usr/lib/code/out/vs/workbench/api/node/extensionHostProcess.js:153:189465)
	at r.g (/usr/lib/code/out/vs/workbench/api/node/extensionHostProcess.js:153:188457)
	at r.executeCommand (/usr/lib/code/out/vs/workbench/api/node/extensionHostProcess.js:153:188364)
	at Object.executeCommand (/usr/lib/code/out/vs/workbench/api/node/extensionHostProcess.js:163:22673)
	at set hasGitHubRepositories [as hasGitHubRepositories] (/usr/lib/code/extensions/github/dist/extension.js:2:322969)
	at /usr/lib/code/extensions/github/dist/extension.js:2:323928
	at a.value (/usr/lib/code/extensions/git/dist/main.js:2:1050711)
	at o.y (/usr/lib/code/out/vs/workbench/api/node/extensionHostProcess.js:82:660)
	at o.z (/usr/lib/code/out/vs/workbench/api/node/extensionHostProcess.js:82:730)
	at o.fire (/usr/lib/code/out/vs/workbench/api/node/extensionHostProcess.js:82:946)
	at Object.p [as dispose] (/usr/lib/code/extensions/git/dist/main.js:2:964222)
	at /usr/lib/code/extensions/git/dist/main.js:2:970260
	at Array.forEach (<anonymous>)
	at f.dispose (/usr/lib/code/extensions/git/dist/main.js:2:970246)
	at h.<anonymous> (/usr/lib/code/out/vs/workbench/api/node/extensionHostProcess.js:151:3955)
	at h.dispose (/usr/lib/code/out/vs/workbench/api/node/extensionHostProcess.js:151:4052)
	at h.<anonymous> (/usr/lib/code/extensions/git/dist/main.js:2:947395)
	at h.dispose (/usr/lib/code/out/vs/workbench/api/node/extensionHostProcess.js:151:4052)
	at a (/usr/lib/code/out/vs/workbench/api/node/extensionHostProcess.js:30:744)
	at f.eb (/usr/lib/code/out/vs/workbench/api/node/extensionHostProcess.js:159:9975)
	at /usr/lib/code/out/vs/workbench/api/node/extensionHostProcess.js:159:7824
	at Array.map (<anonymous>)
	at f.$ (/usr/lib/code/out/vs/workbench/api/node/extensionHostProcess.js:159:7811)
	at f.terminate (/usr/lib/code/out/vs/workbench/api/node/extensionHostProcess.js:159:8085)
	at a.terminate (/usr/lib/code/out/vs/workbench/api/node/extensionHostProcess.js:163:1513)
	at t (/usr/lib/code/out/vs/workbench/api/node/extensionHostProcess.js:176:9922)
	at MessagePortMain.<anonymous> (/usr/lib/code/out/vs/workbench/api/node/extensionHostProcess.js:176:6347)
	at MessagePortMain.emit (node:events:517:28)
	at MessagePortMain.emit (node:domain:489:12)
	at MessagePortMain._internalPort.emit (node:electron/js2c/utility_init:2:2285) setContext undefined
2024-05-25 08:51:13.358 [info] Extension host with pid 6764 exiting with code 0
