2024-06-08 14:21:07.845 [info] Log level: Info
2024-06-08 14:21:07.846 [info] Validating found git in: "git"
2024-06-08 14:21:07.846 [info] Using git "2.45.2" from "git"
2024-06-08 14:21:07.882 [info] > git rev-parse --show-toplevel [51ms]
2024-06-08 14:21:07.882 [info] fatal: not a git repository (or any parent up to mount point /mnt)
Stopping at filesystem boundary (GIT_DISCOVERY_ACROSS_FILESYSTEM not set).
2024-06-08 14:21:07.919 [info] > git rev-parse --show-toplevel [11ms]
2024-06-08 14:21:07.920 [info] fatal: not a git repository (or any parent up to mount point /mnt)
Stopping at filesystem boundary (GIT_DISCOVERY_ACROSS_FILESYSTEM not set).
2024-06-08 14:21:10.375 [info] > git rev-parse --show-toplevel [128ms]
2024-06-08 14:21:10.375 [info] fatal: not a git repository (or any parent up to mount point /mnt)
Stopping at filesystem boundary (GIT_DISCOVERY_ACROSS_FILESYSTEM not set).
2024-06-08 14:21:11.952 [info] > git rev-parse --show-toplevel [33ms]
2024-06-08 14:21:11.952 [info] fatal: not a git repository (or any parent up to mount point /mnt)
Stopping at filesystem boundary (GIT_DISCOVERY_ACROSS_FILESYSTEM not set).
2024-06-08 14:21:46.353 [info] > git rev-parse --show-toplevel [5ms]
2024-06-08 14:21:46.353 [info] fatal: not a git repository (or any parent up to mount point /mnt)
Stopping at filesystem boundary (GIT_DISCOVERY_ACROSS_FILESYSTEM not set).
2024-06-08 14:21:48.552 [info] > git rev-parse --show-toplevel [37ms]
2024-06-08 14:21:48.552 [info] fatal: not a git repository (or any parent up to mount point /mnt)
Stopping at filesystem boundary (GIT_DISCOVERY_ACROSS_FILESYSTEM not set).
2024-06-08 14:21:51.199 [info] > git rev-parse --show-toplevel [22ms]
2024-06-08 14:21:51.199 [info] fatal: not a git repository (or any parent up to mount point /mnt)
Stopping at filesystem boundary (GIT_DISCOVERY_ACROSS_FILESYSTEM not set).
2024-06-08 14:22:19.166 [info] > git rev-parse --show-toplevel [6ms]
2024-06-08 14:22:19.166 [info] fatal: not a git repository (or any parent up to mount point /mnt)
Stopping at filesystem boundary (GIT_DISCOVERY_ACROSS_FILESYSTEM not set).
2024-06-08 14:23:03.090 [info] > git rev-parse --show-toplevel [10ms]
2024-06-08 14:23:03.090 [info] fatal: not a git repository (or any parent up to mount point /mnt)
Stopping at filesystem boundary (GIT_DISCOVERY_ACROSS_FILESYSTEM not set).
2024-06-08 14:23:07.563 [info] > git rev-parse --show-toplevel [6ms]
2024-06-08 14:23:07.563 [info] fatal: not a git repository (or any parent up to mount point /mnt)
Stopping at filesystem boundary (GIT_DISCOVERY_ACROSS_FILESYSTEM not set).
2024-06-08 14:23:09.135 [info] > git rev-parse --show-toplevel [20ms]
2024-06-08 14:23:09.135 [info] fatal: not a git repository (or any parent up to mount point /mnt)
Stopping at filesystem boundary (GIT_DISCOVERY_ACROSS_FILESYSTEM not set).
2024-06-08 14:23:16.816 [info] > git rev-parse --show-toplevel [5ms]
2024-06-08 14:23:16.816 [info] fatal: not a git repository (or any parent up to mount point /mnt)
Stopping at filesystem boundary (GIT_DISCOVERY_ACROSS_FILESYSTEM not set).
2024-06-08 14:23:21.795 [info] > git rev-parse --show-toplevel [7ms]
2024-06-08 14:23:21.795 [info] fatal: not a git repository (or any parent up to mount point /mnt)
Stopping at filesystem boundary (GIT_DISCOVERY_ACROSS_FILESYSTEM not set).
2024-06-08 14:23:51.901 [info] > git rev-parse --show-toplevel [4ms]
2024-06-08 14:23:51.901 [info] fatal: not a git repository (or any parent up to mount point /mnt)
Stopping at filesystem boundary (GIT_DISCOVERY_ACROSS_FILESYSTEM not set).
2024-06-08 14:24:29.015 [info] > git rev-parse --show-toplevel [9ms]
2024-06-08 14:24:29.015 [info] fatal: not a git repository (or any parent up to mount point /mnt)
Stopping at filesystem boundary (GIT_DISCOVERY_ACROSS_FILESYSTEM not set).
2024-06-08 14:25:05.405 [info] > git rev-parse --show-toplevel [5ms]
2024-06-08 14:25:05.405 [info] fatal: not a git repository (or any parent up to mount point /mnt)
Stopping at filesystem boundary (GIT_DISCOVERY_ACROSS_FILESYSTEM not set).
2024-06-08 14:25:22.343 [info] > git rev-parse --show-toplevel [7ms]
2024-06-08 14:25:22.343 [info] fatal: not a git repository (or any parent up to mount point /mnt)
Stopping at filesystem boundary (GIT_DISCOVERY_ACROSS_FILESYSTEM not set).
2024-06-08 14:25:23.247 [info] > git rev-parse --show-toplevel [15ms]
2024-06-08 14:25:23.247 [info] fatal: not a git repository (or any parent up to mount point /mnt)
Stopping at filesystem boundary (GIT_DISCOVERY_ACROSS_FILESYSTEM not set).
2024-06-08 14:25:24.369 [info] > git rev-parse --show-toplevel [6ms]
2024-06-08 14:25:24.370 [info] fatal: not a git repository (or any parent up to mount point /mnt)
Stopping at filesystem boundary (GIT_DISCOVERY_ACROSS_FILESYSTEM not set).
