2024-06-01 08:22:26.718 [info] Log level: Info
2024-06-01 08:22:26.718 [info] Validating found git in: "git"
2024-06-01 08:22:26.718 [info] Using git "2.45.1" from "git"
2024-06-01 08:22:26.718 [info] > git rev-parse --show-toplevel [15ms]
2024-06-01 08:22:26.745 [info] > git rev-parse --git-dir --git-common-dir [9ms]
2024-06-01 08:22:26.840 [info] Open repository: /mnt/MINE/backup/Projects/Random Projects/Matrix
2024-06-01 08:22:29.153 [info] > git rev-parse --show-toplevel [1896ms]
2024-06-01 08:22:29.155 [info] > git config --get commit.template [1923ms]
2024-06-01 08:22:29.704 [info] > git check-ignore -v -z --stdin [22ms]
2024-06-01 08:22:29.710 [info] > git rev-parse --show-toplevel [277ms]
2024-06-01 08:22:29.761 [info] > git for-each-ref --format=%(refname)%00%(upstream:short)%00%(objectname)%00%(upstream:track)%00%(upstream:remotename)%00%(upstream:remoteref) refs/heads/main refs/remotes/main [64ms]
2024-06-01 08:22:29.882 [info] > git rev-parse --show-toplevel [128ms]
2024-06-01 08:22:29.921 [info] > git rev-parse --show-toplevel [22ms]
2024-06-01 08:22:30.015 [info] > git show --textconv :TOHA.html [76ms]
2024-06-01 08:22:30.015 [info] > git status -z -uall [33ms]
2024-06-01 08:22:30.077 [info] > git ls-files --stage -- /mnt/MINE/backup/Projects/Random Projects/Matrix/TOHA.html [113ms]
2024-06-01 08:22:30.142 [info] > git merge-base refs/heads/main refs/remotes/origin/main [90ms]
2024-06-01 08:22:30.174 [info] > git config --get commit.template [49ms]
2024-06-01 08:22:30.174 [info] > git cat-file -s 55262a3ed0b3edb02cd7d24a4689cbbb4219ab7f [79ms]
2024-06-01 08:22:30.302 [info] > git for-each-ref --format=%(refname)%00%(upstream:short)%00%(objectname)%00%(upstream:track)%00%(upstream:remotename)%00%(upstream:remoteref) refs/heads/main refs/remotes/main [95ms]
2024-06-01 08:22:30.303 [info] > git rev-list --count --left-right refs/heads/main...refs/remotes/origin/main [144ms]
2024-06-01 08:22:30.338 [info] > git diff --name-status -z --diff-filter=ADMR 860973551b14c5471833fdd6839235e47cc68066...refs/remotes/origin/main [17ms]
2024-06-01 08:22:30.554 [info] > git status -z -uall [167ms]
2024-06-01 08:23:07.378 [info] > git fetch [40538ms]
2024-06-01 08:23:07.378 [info] ssh: Could not resolve hostname github.com: Temporary failure in name resolution
fatal: Could not read from remote repository.

Please make sure you have the correct access rights
and the repository exists.
2024-06-01 08:23:07.807 [info] > git config --get commit.template [25ms]
2024-06-01 08:23:07.867 [info] > git for-each-ref --format=%(refname)%00%(upstream:short)%00%(objectname)%00%(upstream:track)%00%(upstream:remotename)%00%(upstream:remoteref) refs/heads/main refs/remotes/main [64ms]
2024-06-01 08:23:08.103 [info] > git status -z -uall [215ms]
2024-06-01 08:23:37.516 [info] > git config --get commit.template [26ms]
2024-06-01 08:23:37.521 [info] > git for-each-ref --format=%(refname)%00%(upstream:short)%00%(objectname)%00%(upstream:track)%00%(upstream:remotename)%00%(upstream:remoteref) refs/heads/main refs/remotes/main [8ms]
2024-06-01 08:23:37.561 [info] > git status -z -uall [24ms]
2024-06-01 08:24:02.884 [info] > git config --get commit.template [19ms]
2024-06-01 08:24:02.896 [info] > git for-each-ref --format=%(refname)%00%(upstream:short)%00%(objectname)%00%(upstream:track)%00%(upstream:remotename)%00%(upstream:remoteref) refs/heads/main refs/remotes/main [13ms]
2024-06-01 08:24:02.931 [info] > git status -z -uall [22ms]
2024-06-01 08:24:09.882 [info] > git config --get commit.template [23ms]
2024-06-01 08:24:09.889 [info] > git for-each-ref --format=%(refname)%00%(upstream:short)%00%(objectname)%00%(upstream:track)%00%(upstream:remotename)%00%(upstream:remoteref) refs/heads/main refs/remotes/main [10ms]
2024-06-01 08:24:09.921 [info] > git status -z -uall [15ms]
2024-06-01 08:24:52.746 [info] > git config --get commit.template [23ms]
2024-06-01 08:24:52.755 [info] > git for-each-ref --format=%(refname)%00%(upstream:short)%00%(objectname)%00%(upstream:track)%00%(upstream:remotename)%00%(upstream:remoteref) refs/heads/main refs/remotes/main [10ms]
2024-06-01 08:24:52.786 [info] > git status -z -uall [17ms]
2024-06-01 08:25:14.833 [info] > git config --get commit.template [18ms]
2024-06-01 08:25:14.838 [info] > git for-each-ref --format=%(refname)%00%(upstream:short)%00%(objectname)%00%(upstream:track)%00%(upstream:remotename)%00%(upstream:remoteref) refs/heads/main refs/remotes/main [7ms]
2024-06-01 08:25:14.872 [info] > git status -z -uall [18ms]
2024-06-01 08:25:24.299 [info] > git config --get commit.template [19ms]
2024-06-01 08:25:24.308 [info] > git for-each-ref --format=%(refname)%00%(upstream:short)%00%(objectname)%00%(upstream:track)%00%(upstream:remotename)%00%(upstream:remoteref) refs/heads/main refs/remotes/main [11ms]
2024-06-01 08:25:24.348 [info] > git status -z -uall [26ms]
2024-06-01 08:25:46.524 [info] > git config --get commit.template [16ms]
2024-06-01 08:25:46.532 [info] > git for-each-ref --format=%(refname)%00%(upstream:short)%00%(objectname)%00%(upstream:track)%00%(upstream:remotename)%00%(upstream:remoteref) refs/heads/main refs/remotes/main [10ms]
2024-06-01 08:25:46.567 [info] > git status -z -uall [20ms]
2024-06-01 08:26:09.814 [info] > git ls-files --stage -- /mnt/MINE/backup/Projects/Random Projects/Matrix/TOHA.html [5ms]
2024-06-01 08:26:09.855 [info] > git cat-file -s 55262a3ed0b3edb02cd7d24a4689cbbb4219ab7f [24ms]
2024-06-01 08:26:09.884 [info] > git show --textconv :TOHA.html [7ms]
2024-06-01 08:26:48.578 [info] > git fetch [40445ms]
2024-06-01 08:26:48.578 [info] ssh: Could not resolve hostname github.com: Temporary failure in name resolution
fatal: Could not read from remote repository.

Please make sure you have the correct access rights
and the repository exists.
2024-06-01 08:26:48.619 [info] > git config --get commit.template [24ms]
2024-06-01 08:26:48.626 [info] > git for-each-ref --format=%(refname)%00%(upstream:short)%00%(objectname)%00%(upstream:track)%00%(upstream:remotename)%00%(upstream:remoteref) refs/heads/main refs/remotes/main [12ms]
2024-06-01 08:26:48.655 [info] > git status -z -uall [16ms]
2024-06-01 08:27:02.563 [info] > git show --textconv :toha.js [67ms]
2024-06-01 08:27:02.660 [info] > git ls-files --stage -- /mnt/MINE/backup/Projects/Random Projects/Matrix/toha.js [101ms]
2024-06-01 08:27:02.736 [info] > git cat-file -s ad2929f9938478843c79740ea452dc1c2c2aa898 [25ms]
2024-06-01 08:27:03.687 [info] > git show --textconv :matrix.css [122ms]
2024-06-01 08:27:03.689 [info] > git ls-files --stage -- /mnt/MINE/backup/Projects/Random Projects/Matrix/matrix.css [26ms]
2024-06-01 08:27:03.810 [info] > git cat-file -s 4d2a39b65de0016faa8077947c4538a8f0d10660 [33ms]
2024-06-01 08:27:06.085 [info] > git show --textconv :toha.js [285ms]
2024-06-01 08:27:06.086 [info] > git ls-files --stage -- /mnt/MINE/backup/Projects/Random Projects/Matrix/toha.js [165ms]
2024-06-01 08:27:06.198 [info] > git cat-file -s ad2929f9938478843c79740ea452dc1c2c2aa898 [56ms]
2024-06-01 08:27:07.323 [info] > git show --textconv :TOHA.html [75ms]
2024-06-01 08:27:07.327 [info] > git ls-files --stage -- /mnt/MINE/backup/Projects/Random Projects/Matrix/TOHA.html [13ms]
2024-06-01 08:27:07.389 [info] > git cat-file -s 55262a3ed0b3edb02cd7d24a4689cbbb4219ab7f [22ms]
2024-06-01 08:27:09.492 [info] > git show --textconv :toha.js [38ms]
2024-06-01 08:27:09.512 [info] > git ls-files --stage -- /mnt/MINE/backup/Projects/Random Projects/Matrix/toha.js [25ms]
2024-06-01 08:27:09.579 [info] > git cat-file -s ad2929f9938478843c79740ea452dc1c2c2aa898 [20ms]
2024-06-01 08:27:23.719 [info] > git show --textconv :TOHA.html [26ms]
2024-06-01 08:27:23.726 [info] > git ls-files --stage -- /mnt/MINE/backup/Projects/Random Projects/Matrix/TOHA.html [9ms]
2024-06-01 08:27:23.774 [info] > git cat-file -s 55262a3ed0b3edb02cd7d24a4689cbbb4219ab7f [23ms]
2024-06-01 08:27:26.062 [info] > git config --get commit.template [21ms]
2024-06-01 08:27:26.067 [info] > git for-each-ref --format=%(refname)%00%(upstream:short)%00%(objectname)%00%(upstream:track)%00%(upstream:remotename)%00%(upstream:remoteref) refs/heads/main refs/remotes/main [7ms]
2024-06-01 08:27:26.098 [info] > git status -z -uall [16ms]
