[7825][1711590323886][main][info]["Booting Postman 10.24.3, linux-6.8.1-2-cachyos on x64"]
[7825][1711590323898][main][info]["EventBus~initialize - Success"]
[7825][1711590323909][main][info]["Proxy configuration has not been setup"]
[7825][1711590323911][main][info]["CloudProxyManager~init - Success"]
[7825][1711590323927][main][info]["performShellDataMigration: Starting shell data migration"]
[7825][1711590323929][main][info]["migrateShellData:Starting"]
[7825][1711590324003][main][info]["migrateShellData: Old storage cleaned up"]
[7825][1711590332293][main][info]["migrateShellData: Got data from shell. Writing to storage"]
[7825][1711590332379][main][info]["performShellDataMigration: Migration successful on try count 1"]
[7825][1711590332406][main][info]["UpdateHandler~init - Success"]
[7825][1711590332416][main][info]["LeaderSelection: Initialized successfully"]
[7825][1711590332420][main][info]["VersionDependencyService: Initialized successfully"]
[7825][1711590332453][main][info]["Generated root certificate for linux"]
[7825][1711590332463][main][info]["LinuxAutoUpdater~Cleanup - Initial cleanup successful"]
[7825][1711590332520][main][info]["GPU detected VID 32902 DID 70 ACTIVE true"]
[7825][1711590332867][main][info]["shellController~init: Success"]
[7825][1711590333019][main][info]["shellMeta~init: Success"]
[7825][1711590333020][main][info]["partitionMigrationService: State of V7 partition:"]
[7825][1711590333022][main][info]["partitionMigrationService: V7 partitions",[]]
[7825][1711590333023][main][info]["partitionMigrationService~rectifyNamespaceOfScratchPadPartition: There is no partition with scratchpad namespace"]
[7825][1711590333025][main][info]["partitionMigrationService~rectifyNamespaceOfScratchPadPartition: There is no transit partition which could have been used for scratchpad"]
[7825][1711590333026][main][info]["partitionMigrationService~init: Success"]
[7825][1711590333086][main][info]["partitionMigrationService~runV8PartitionsIntegrity: Two way migration~ removing the following partitions from v8",[]]
[7825][1711590333118][main][info]["userPartitionService~_rectifyTheActivePartitionOfApplication: Setting the active partition to ",null]
[7825][1711590333124][main][info]["proxyCertificateService~ensureRootCAPresence: Deleting and creating new certificates"]
[7825][1711590333213][main][info]["userPartitionService~init: Success"]
[7825][1711590333511][main][info]["userPartitionService: State of v8 partition system:"]
[7825][1711590333544][main][info]["shell~init~getPartitionToLoad: loading scratchpad partition"]
[7825][1711590333571][main][info]["userPartitionService: List of partitions:",[]]
[7825][1711590333572][main][info]["userPartitionService: users global meta:",{}]
[7825][1711590343683][main][info]["RuntimeIPCAgent~started: Success"]
[7825][1711590345333][main][info]["Main~scratchpadThemeAction:: action: set, value: dark"]
[7825][1711590345340][main][info]["Main~scratchpadThemeAction:: action: set, value: dark"]
[7825][1711590345343][main][info]["Main~scratchpadThemeAction:: action: set, value: dark"]
[7825][1711590345413][main][info]["UpdateHandler~app-update-events - Received event",{"name":"checkForElectronVersionUpdated","namespace":"appUpdate"}]
[7825][1711590345438][main][info]["windowManager: First requester booted successfully."]
[7825][1711590345440][main][info]["windowManager~restoreWindows: Restoring requester windows"]
[7825][1711590345441][main][info]["Main~AppEvents - Received booted event for process requester.Version undefined UI Version: undefined Desktop Platform Version: 10.24.3"]
[7825][1711590356421][main][info]["VersionDependencyService: Resetting UI version as user logged out/switched account"]
[7825][1711590356425][main][info]["Main - model-events~user - (users, add) received"]
[7825][1711590361164][main][warn]["AuthHandler~open: Current app is not default protocol client - Falling back to polling mechanism."]
[7825][1711590412630][main][info]["Shell~init~loginUser: associating the user ","33913261"," with transit partition"]
[7825][1711590412641][main][info]["userPartitionService~getNewPartitionId: creating a partition with userId and teamId as 0"]
[7825][1711590412890][main][info]["userPartitionService~associateTransitPartition: ",{"partitionId":"84d03303-a1a2-4919-95d7-ce6ba03d6a8c","context":{"namespace":"users","userId":"33913261","teamId":"0"}}]
[7825][1711590413045][main][info]["userPartitionService: State of v8 partition system:"]
[7825][1711590413074][main][info]["userPartitionService: List of partitions:",[{"partitionId":"84d03303-a1a2-4919-95d7-ce6ba03d6a8c","namespace":"users","userId":"33913261","teamId":"0","lastUpdated":"2024-03-28T01:46:52.890Z"},{"partitionId":"1c4d598f-edcc-45a9-85d0-c818b91460a4","namespace":"scratchPad","userId":0,"teamId":0,"isDirty":false}]]
[7825][1711590413084][main][info]["userPartitionService: users global meta:",{}]
[7825][1711590430115][main][info]["Main~getRemoteInitPath:: "]
[7825][1711590431201][main][info]["Main - model-events~user - (user, update) received"]
[7825][1711590431205][main][info]["Main~reload: https://desktop.postman.com/?desktopVersion=10.24.3&userId=33913261&teamId=0"]
[7825][1711590444572][main][info]["Main~getRemoteInitPath:: "]
[7825][1711590446636][main][info]["Main - model-events~user - (user, update) received"]
[7825][1711590447661][main][info]["Main - model-events~user - (user, bootstrapUser) received"]
[7825][1711590447671][main][info]["model-events~user - bootstrapUser received"]
[7825][1711590447814][main][info]["userPartitionService~associateTransitPartition: ",{"partitionId":"84d03303-a1a2-4919-95d7-ce6ba03d6a8c","context":{"namespace":"users","userId":"33913261","teamId":"0"}}]
[7825][1711590448168][main][info]["userPartitionService: State of v8 partition system:"]
[7825][1711590448213][main][info]["userPartitionService: List of partitions:",[{"partitionId":"84d03303-a1a2-4919-95d7-ce6ba03d6a8c","namespace":"users","userId":"33913261","teamId":"0","lastUpdated":"2024-03-28T01:47:27.814Z"},{"partitionId":"1c4d598f-edcc-45a9-85d0-c818b91460a4","namespace":"scratchPad","userId":0,"teamId":0,"isDirty":false}]]
[7825][1711590448215][main][info]["userPartitionService: users global meta:",{}]
[7825][1711590448399][main][info]["Main - model-events~user - (user, bootstrapUser) received"]
[7825][1711590448400][main][info]["model-events~user - bootstrapUser received"]
[7825][1711590448464][main][info]["userPartitionService~associateTransitPartition: ",{"partitionId":"84d03303-a1a2-4919-95d7-ce6ba03d6a8c","context":{"namespace":"users","userId":"33913261","teamId":"0"}}]
[7825][1711590448549][main][info]["userPartitionService: State of v8 partition system:"]
[7825][1711590448565][main][info]["userPartitionService: List of partitions:",[{"partitionId":"84d03303-a1a2-4919-95d7-ce6ba03d6a8c","namespace":"users","userId":"33913261","teamId":"0","lastUpdated":"2024-03-28T01:47:28.464Z"},{"partitionId":"1c4d598f-edcc-45a9-85d0-c818b91460a4","namespace":"scratchPad","userId":0,"teamId":0,"isDirty":false}]]
[7825][1711590448566][main][info]["userPartitionService: users global meta:",{}]
[7825][1711590449144][main][info]["UpdateHandler~app-update-events - Received event",{"name":"checkForElectronVersionUpdated","namespace":"appUpdate"}]
[7825][1711590449231][main][info]["windowManager: First requester booted successfully."]
[7825][1711590449232][main][info]["windowManager~restoreWindows: Restoring requester windows"]
[7825][1711590449232][main][info]["Main~AppEvents - Received booted event for process requester.Version 10.24.7 UI Version: 10.24.7-ui-240320-0056 Desktop Platform Version: 10.24.3"]
[7825][1711590449803][main][info]["Main~getRemoteInitPath:: "]
[7825][1711590450657][main][info]["INTERCEPTOR CONNECTIVITY: Attempting to start websocket server on port 15611"]
[7825][1711590453580][main][info]["Main~getPlatformLaunchPerfMetrics"]
[7825][1711597271036][main][info]["Quitting app"]
[9253][1712044341273][main][info]["Booting Postman 10.24.3, linux-6.8.2-1-cachyos on x64"]
[9253][1712044341281][main][info]["EventBus~initialize - Success"]
[9253][1712044341298][main][info]["Proxy configuration has not been setup"]
[9253][1712044341301][main][info]["CloudProxyManager~init - Success"]
[9253][1712044341373][main][info]["performShellDataMigration: Migration has already been done. Bailing out"]
[9253][1712044341401][main][info]["UpdateHandler~init - Success"]
[9253][1712044341408][main][info]["LeaderSelection: Initialized successfully"]
[9253][1712044341412][main][info]["VersionDependencyService: Initialized successfully"]
[9253][1712044341534][main][info]["LinuxAutoUpdater~Cleanup - Initial cleanup successful"]
[9253][1712044341643][main][info]["GPU detected VID 32902 DID 70 ACTIVE true"]
[9253][1712044342460][main][info]["shellController~init: Success"]
[9253][1712044342479][main][info]["shellMeta~init: Success"]
[9253][1712044342481][main][info]["partitionMigrationService: State of V7 partition:"]
[9253][1712044342482][main][info]["partitionMigrationService: V7 partitions",[]]
[9253][1712044342483][main][info]["partitionMigrationService~rectifyNamespaceOfScratchPadPartition: There is no partition with scratchpad namespace"]
[9253][1712044342484][main][info]["partitionMigrationService~rectifyNamespaceOfScratchPadPartition: There is no transit partition which could have been used for scratchpad"]
[9253][1712044342485][main][info]["partitionMigrationService~init: Success"]
[9253][1712044342553][main][info]["partitionMigrationService~runV8PartitionsIntegrity: Two way migration~ removing the following partitions from v8",[]]
[9253][1712044342574][main][info]["userPartitionService~getRecentV8UserPartition: recent v8 user context partition ","84d03303-a1a2-4919-95d7-ce6ba03d6a8c"]
[9253][1712044342574][main][info]["userPartitionService~_rectifyTheActivePartitionOfApplication: Setting the active partition to ","84d03303-a1a2-4919-95d7-ce6ba03d6a8c"]
[9253][1712044342823][main][info]["userPartitionService~init: Success"]
[9253][1712044343300][main][info]["userPartitionService: State of v8 partition system:"]
[9253][1712044343368][main][info]["shell~init~getPartitionToLoad: loading active partition"]
[9253][1712044343375][main][info]["userPartitionService: List of partitions:",[{"partitionId":"84d03303-a1a2-4919-95d7-ce6ba03d6a8c","namespace":"users","userId":"33913261","teamId":"0","lastUpdated":"2024-03-28T01:47:28.464Z"},{"partitionId":"1c4d598f-edcc-45a9-85d0-c818b91460a4","namespace":"scratchPad","userId":0,"teamId":0,"isDirty":false}]]
[9253][1712044343376][main][info]["userPartitionService: users global meta:",{}]
[9253][1712044368092][main][info]["RuntimeIPCAgent~started: Success"]
[9253][1712044386388][main][info]["Main~getRemoteInitPath:: "]
[9253][1712044397697][main][info]["UpdateHandler~app-update-events - Received event",{"name":"checkForElectronVersionUpdated","namespace":"appUpdate"}]
[9253][1712044397825][main][info]["windowManager: First requester booted successfully."]
[9253][1712044397827][main][info]["windowManager~restoreWindows: Restoring requester windows"]
[9253][1712044397828][main][info]["Main~AppEvents - Received booted event for process requester.Version 10.24.7 UI Version: 10.24.7-ui-240320-0056 Desktop Platform Version: 10.24.3"]
[9253][1712044398846][main][info]["Main~getRemoteInitPath:: "]
[9253][1712044424580][main][info]["INTERCEPTOR CONNECTIVITY: Attempting to start websocket server on port 15611"]
[9485][1712044686773][main][info]["Booting Postman 10.24.3, linux-6.8.2-1-cachyos on x64"]
[9485][1712044686788][main][info]["EventBus~initialize - Success"]
[9485][1712044686804][main][info]["Proxy configuration has not been setup"]
[9485][1712044686809][main][info]["CloudProxyManager~init - Success"]
[9485][1712044686897][main][info]["performShellDataMigration: Migration has already been done. Bailing out"]
[9485][1712044686923][main][info]["UpdateHandler~init - Success"]
[9485][1712044686931][main][info]["LeaderSelection: Initialized successfully"]
[9485][1712044686934][main][info]["VersionDependencyService: Initialized successfully"]
[9485][1712044687135][main][info]["LinuxAutoUpdater~Cleanup - Initial cleanup successful"]
[9485][1712044687241][main][info]["GPU detected VID 32902 DID 70 ACTIVE true"]
[9485][1712044687692][main][info]["shellController~init: Success"]
[9485][1712044687717][main][info]["shellMeta~init: Success"]
[9485][1712044687718][main][info]["partitionMigrationService: State of V7 partition:"]
[9485][1712044687719][main][info]["partitionMigrationService: V7 partitions",[]]
[9485][1712044687721][main][info]["partitionMigrationService~rectifyNamespaceOfScratchPadPartition: There is no partition with scratchpad namespace"]
[9485][1712044687722][main][info]["partitionMigrationService~rectifyNamespaceOfScratchPadPartition: There is no transit partition which could have been used for scratchpad"]
[9485][1712044687723][main][info]["partitionMigrationService~init: Success"]
[9485][1712044687794][main][info]["partitionMigrationService~runV8PartitionsIntegrity: Two way migration~ removing the following partitions from v8",[]]
[9485][1712044687812][main][info]["userPartitionService~getRecentV8UserPartition: recent v8 user context partition ","84d03303-a1a2-4919-95d7-ce6ba03d6a8c"]
[9485][1712044687813][main][info]["userPartitionService~_rectifyTheActivePartitionOfApplication: Setting the active partition to ","84d03303-a1a2-4919-95d7-ce6ba03d6a8c"]
[9485][1712044687864][main][info]["userPartitionService~init: Success"]
[9485][1712044687927][main][info]["userPartitionService: State of v8 partition system:"]
[9485][1712044687942][main][info]["shell~init~getPartitionToLoad: loading active partition"]
[9485][1712044687953][main][info]["userPartitionService: List of partitions:",[{"partitionId":"84d03303-a1a2-4919-95d7-ce6ba03d6a8c","namespace":"users","userId":"33913261","teamId":"0","lastUpdated":"2024-03-28T01:47:28.464Z"},{"partitionId":"1c4d598f-edcc-45a9-85d0-c818b91460a4","namespace":"scratchPad","userId":0,"teamId":0,"isDirty":false}]]
[9485][1712044687954][main][info]["userPartitionService: users global meta:",{}]
[9485][1712044694831][main][info]["RuntimeIPCAgent~started: Success"]
[9485][1712044699266][main][info]["Main~getRemoteInitPath:: "]
[9485][1712044700532][main][info]["UpdateHandler~app-update-events - Received event",{"name":"checkForElectronVersionUpdated","namespace":"appUpdate"}]
[9485][1712044700591][main][info]["windowManager: First requester booted successfully."]
[9485][1712044700592][main][info]["windowManager~restoreWindows: Restoring requester windows"]
[9485][1712044700593][main][info]["Main~AppEvents - Received booted event for process requester.Version 10.24.11 UI Version: 10.24.11-ui-240326-0752 Desktop Platform Version: 10.24.3"]
[9485][1712044700971][main][info]["Main~getRemoteInitPath:: "]
[9485][1712044701599][main][info]["INTERCEPTOR CONNECTIVITY: Attempting to start websocket server on port 15611"]
[9485][1712044703982][main][info]["Main~getPlatformLaunchPerfMetrics"]
[9485][1712044707060][main][info]["Main - model-events~user - (user, bootstrapUser) received"]
[9485][1712044707061][main][info]["model-events~user - bootstrapUser received"]
[9485][1712044707119][main][info]["userPartitionService~associateTransitPartition: ",{"partitionId":"84d03303-a1a2-4919-95d7-ce6ba03d6a8c","context":{"namespace":"users","userId":"33913261","teamId":"0"}}]
[9485][1712044707200][main][info]["userPartitionService: State of v8 partition system:"]
[9485][1712044707215][main][info]["userPartitionService: List of partitions:",[{"partitionId":"84d03303-a1a2-4919-95d7-ce6ba03d6a8c","namespace":"users","userId":"33913261","teamId":"0","lastUpdated":"2024-04-02T07:58:27.119Z"},{"partitionId":"1c4d598f-edcc-45a9-85d0-c818b91460a4","namespace":"scratchPad","userId":0,"teamId":0,"isDirty":false}]]
[9485][1712044707216][main][info]["userPartitionService: users global meta:",{}]
[9485][1712045511810][main][info]["WindowManager~closeHandler - Closed Window (id: 1 )"]
[9485][1712045511845][main][error]["Main~handleUncaughtError - Uncaught errors",{"name":"TypeError","message":"Cannot read properties of undefined (reading 'send')","stack":"TypeError: Cannot read properties of undefined (reading 'send')\n    at Object.sendMessageToInterceptor (/opt/postman/app/resources/app/services/websocketServer.js:144:10)\n    at Object.requesterWindowHandler (/opt/postman/app/resources/app/services/websocketServer.js:389:14)\n    at EventEmitter.emit (node:events:539:35)\n    at EventEmitter.emit (node:domain:475:12)\n    at _dispatch (/opt/postman/app/resources/app/common/_event-bus.js:256:14)\n    at EventBus._publish (/opt/postman/app/resources/app/common/_event-bus.js:207:9)\n    at Object.closedHandler (/opt/postman/app/resources/app/services/windowManager.js:1078:18)\n    at BrowserWindow.emit (node:events:527:28)\n    at BrowserWindow.emit (node:domain:475:12)"}]
