2024-05-25 08:29:42.137 [info] Reading sessions from keychain...
2024-05-25 08:29:42.137 [info] Getting sessions for all scopes...
2024-05-25 08:29:42.137 [info] Got stored sessions!
2024-05-25 08:29:42.137 [info] Got 1 verified sessions.
2024-05-25 08:29:42.137 [info] Got 1 sessions for ...
2024-05-25 08:29:42.137 [info] Getting sessions for all scopes...
2024-05-25 08:29:42.137 [info] Got 1 sessions for ...
2024-05-25 08:29:42.137 [info] Getting sessions for read:user,repo,user:email,workflow...
2024-05-25 08:29:42.137 [info] Got 1 sessions for read:user,repo,user:email,workflow...
2024-05-25 08:29:43.303 [info] Getting sessions for read:user,repo,user:email,workflow...
2024-05-25 08:29:43.303 [info] Got 1 sessions for read:user,repo,user:email,workflow...
2024-05-25 08:30:45.330 [info] Reading sessions from keychain...
2024-05-25 08:30:45.330 [info] Getting sessions for all scopes...
2024-05-25 08:30:45.330 [info] Getting sessions for all scopes...
2024-05-25 08:30:45.330 [info] Got stored sessions!
2024-05-25 08:30:45.330 [info] Got 1 verified sessions.
2024-05-25 08:30:45.330 [info] Got 1 sessions for ...
2024-05-25 08:30:45.330 [info] Got 1 sessions for ...
2024-05-25 08:30:49.248 [info] Getting sessions for read:user,repo,user:email,workflow...
2024-05-25 08:30:49.248 [info] Got 1 sessions for read:user,repo,user:email,workflow...
2024-05-25 08:30:49.398 [info] Getting sessions for all scopes...
2024-05-25 08:30:49.398 [info] Got 1 sessions for ...
2024-05-25 08:30:49.958 [info] Getting sessions for read:user,repo,user:email,workflow...
2024-05-25 08:30:49.958 [info] Got 1 sessions for read:user,repo,user:email,workflow...
