2024-06-01 12:32:17.643 [info] Log level: Info
2024-06-01 12:32:17.643 [info] Validating found git in: "git"
2024-06-01 12:32:17.643 [info] Using git "2.45.1" from "git"
2024-06-01 12:32:17.643 [info] > git rev-parse --show-toplevel [981ms]
2024-06-01 12:32:17.661 [info] > git rev-parse --git-dir --git-common-dir [155ms]
2024-06-01 12:32:17.720 [info] Open repository: /mnt/MINE/backup/Projects/Random Projects/Matrix
2024-06-01 12:32:17.818 [info] > git config --get commit.template [42ms]
2024-06-01 12:32:17.835 [info] > git rev-parse --show-toplevel [37ms]
2024-06-01 12:32:17.989 [info] > git rev-parse --show-toplevel [39ms]
2024-06-01 12:32:17.989 [info] > git for-each-ref --format=%(refname)%00%(upstream:short)%00%(objectname)%00%(upstream:track)%00%(upstream:remotename)%00%(upstream:remoteref) refs/heads/main refs/remotes/main [101ms]
2024-06-01 12:32:18.090 [info] > git rev-parse --show-toplevel [44ms]
2024-06-01 12:32:18.235 [info] > git rev-parse --show-toplevel [106ms]
2024-06-01 12:32:18.366 [info] > git status -z -uall [172ms]
2024-06-01 12:32:18.455 [info] > git merge-base refs/heads/main refs/remotes/origin/main [64ms]
2024-06-01 12:32:18.514 [info] > git config --get commit.template [63ms]
2024-06-01 12:32:18.603 [info] > git rev-list --count --left-right refs/heads/main...refs/remotes/origin/main [118ms]
2024-06-01 12:32:18.634 [info] > git for-each-ref --format=%(refname)%00%(upstream:short)%00%(objectname)%00%(upstream:track)%00%(upstream:remotename)%00%(upstream:remoteref) refs/heads/main refs/remotes/main [90ms]
2024-06-01 12:32:18.665 [info] > git diff --name-status -z --diff-filter=ADMR 860973551b14c5471833fdd6839235e47cc68066...refs/remotes/origin/main [37ms]
2024-06-01 12:32:18.841 [info] > git status -z -uall [180ms]
2024-06-01 12:32:19.077 [info] > git check-ignore -v -z --stdin [48ms]
2024-06-01 12:32:19.451 [info] > git show --textconv :TOHA.html [39ms]
2024-06-01 12:32:19.457 [info] > git ls-files --stage -- /mnt/MINE/backup/Projects/Random Projects/Matrix/TOHA.html [7ms]
2024-06-01 12:32:19.487 [info] > git cat-file -s 55262a3ed0b3edb02cd7d24a4689cbbb4219ab7f [19ms]
