2024-08-04 02:27:34.789 [info] Getting Manifest... kamikillerto.vscode-colorize
2024-08-04 02:27:35.088 [info] Installing extension: kamikillerto.vscode-colorize {"isMachineScoped":false,"installPreReleaseVersion":false,"pinned":false,"profileLocation":{"$mid":1,"external":"vscode-userdata:/home/exia/.vscode-oss/extensions/extensions.json","path":"/home/exia/.vscode-oss/extensions/extensions.json","scheme":"vscode-userdata"},"installOnlyNewlyAddedFromExtensionPack":true,"isApplicationScoped":false,"productVersion":{"version":"1.92.0","date":"2024-08-01T22:07:15.925Z"}}
2024-08-04 02:27:38.105 [error] Could not load vsce-sign module Cannot find module '@vscode/vsce-sign'
Require stack:
- /usr/lib/code/out/bootstrap-fork.js
2024-08-04 02:27:38.107 [info] Extension signature verification is not done: kamikillerto.vscode-colorize
2024-08-04 02:27:38.702 [info] Extracted extension to file:///home/exia/.vscode-oss/extensions/kamikillerto.vscode-colorize-0.11.1-universal: kamikillerto.vscode-colorize
2024-08-04 02:27:38.711 [info] Renamed to /home/exia/.vscode-oss/extensions/kamikillerto.vscode-colorize-0.11.1-universal
2024-08-04 02:27:38.751 [info] Extension installed successfully: kamikillerto.vscode-colorize vscode-userdata:/home/exia/.vscode-oss/extensions/extensions.json
2024-08-04 02:27:38.814 [error] [uncaught exception in sharedProcess]: Error: ENOENT: no such file or directory, stat '/home/exia/.vscode-oss/extensions/extensions.json.vsctmp': EntryNotFound (FileSystemError): Error: ENOENT: no such file or directory, stat '/home/exia/.vscode-oss/extensions/extensions.json.vsctmp'
    at o.create (/usr/lib/code/out/vs/code/node/sharedProcess/sharedProcessMain.js:54:19408)
    at u (/usr/lib/code/out/vs/code/node/sharedProcess/sharedProcessMain.js:54:19519)
    at p.hb (/usr/lib/code/out/vs/code/node/sharedProcess/sharedProcessMain.js:59:36714)
    at p.stat (/usr/lib/code/out/vs/code/node/sharedProcess/sharedProcessMain.js:59:29034)
    at async c.stat (/usr/lib/code/out/vs/code/node/sharedProcess/sharedProcessMain.js:59:14940)
    at async z.ub (/usr/lib/code/out/vs/code/node/sharedProcess/sharedProcessMain.js:105:120384)
2024-08-04 02:28:41.366 [error] [uncaught exception in sharedProcess]: Error: ENOENT: no such file or directory, stat '/home/exia/.vscode-oss/extensions/extensions.json.vsctmp': EntryNotFound (FileSystemError): Error: ENOENT: no such file or directory, stat '/home/exia/.vscode-oss/extensions/extensions.json.vsctmp'
    at o.create (/usr/lib/code/out/vs/code/node/sharedProcess/sharedProcessMain.js:54:19408)
    at u (/usr/lib/code/out/vs/code/node/sharedProcess/sharedProcessMain.js:54:19519)
    at p.hb (/usr/lib/code/out/vs/code/node/sharedProcess/sharedProcessMain.js:59:36714)
    at p.stat (/usr/lib/code/out/vs/code/node/sharedProcess/sharedProcessMain.js:59:29034)
    at async c.stat (/usr/lib/code/out/vs/code/node/sharedProcess/sharedProcessMain.js:59:14940)
    at async z.ub (/usr/lib/code/out/vs/code/node/sharedProcess/sharedProcessMain.js:105:120384)
