2024-03-12 15:56:10 Loading main app package /usr/lib/obsidian/obsidian.asar
2024-03-12 15:56:11 Checking for update using Github
2024-03-12 15:56:12 Success.
2024-03-12 15:56:12 Latest version is 1.5.8
2024-03-12 15:56:12 App is up to date.
2024-03-13 09:15:30 Loading main app package /usr/lib/obsidian/obsidian.asar
2024-03-13 09:15:31 Checking for update using Github
2024-03-13 09:15:37 Success.
2024-03-13 09:15:37 Latest version is 1.5.8
2024-03-13 09:15:37 App is up to date.
2024-03-13 11:01:21 Loading main app package /usr/lib/obsidian/obsidian.asar
2024-03-13 11:01:22 Checking for update using Github
2024-03-13 11:01:22 Success.
2024-03-13 11:01:22 Latest version is 1.5.8
2024-03-13 11:01:22 App is up to date.
2024-03-13 13:31:13 Loading main app package /usr/lib/obsidian/obsidian.asar
2024-03-13 13:31:13 Checking for update using Github
2024-03-13 13:31:14 Success.
2024-03-13 13:31:14 Latest version is 1.5.8
2024-03-13 13:31:14 App is up to date.
2024-03-14 05:46:23 Loading main app package /usr/lib/obsidian/obsidian.asar
2024-03-14 05:46:24 Checking for update using Github
2024-03-14 05:46:24 Success.
2024-03-14 05:46:24 Latest version is 1.5.8
2024-03-14 05:46:24 App is up to date.
2024-03-14 07:30:46 Loading main app package /usr/lib/obsidian/obsidian.asar
2024-03-14 07:30:47 Checking for update using Github
2024-03-14 07:30:48 Success.
2024-03-14 07:30:48 Latest version is 1.5.8
2024-03-14 07:30:48 App is up to date.
2024-03-14 08:11:34 Loading main app package /usr/lib/obsidian/obsidian.asar
2024-03-14 08:11:35 Checking for update using Github
2024-03-14 08:11:35 Success.
2024-03-14 08:11:35 Latest version is 1.5.8
2024-03-14 08:11:35 App is up to date.
2024-03-14 18:18:46 Loading main app package /usr/lib/obsidian/obsidian.asar
2024-03-14 18:18:47 Checking for update using Github
2024-03-14 18:18:48 Success.
2024-03-14 18:18:48 Latest version is 1.5.8
2024-03-14 18:18:48 App is up to date.
2024-03-15 12:39:08 Loading main app package /usr/lib/obsidian/obsidian.asar
2024-03-15 12:39:09 Checking for update using Github
2024-03-15 12:39:10 Success.
2024-03-15 12:39:10 Latest version is 1.5.8
2024-03-15 12:39:10 App is up to date.
2024-03-15 15:57:56 Loading main app package /usr/lib/obsidian/obsidian.asar
2024-03-15 15:57:56 Checking for update using Github
2024-03-15 15:57:57 Success.
2024-03-15 15:57:57 Latest version is 1.5.8
2024-03-15 15:57:57 App is up to date.
2024-03-15 18:13:02 Loading main app package /usr/lib/obsidian/obsidian.asar
2024-03-15 18:13:03 Checking for update using Github
2024-03-15 18:13:04 Success.
2024-03-15 18:13:04 Latest version is 1.5.8
2024-03-15 18:13:04 App is up to date.
2024-03-16 08:59:57 Loading main app package /usr/lib/obsidian/obsidian.asar
2024-03-16 08:59:58 Checking for update using Github
2024-03-16 08:59:59 Success.
2024-03-16 08:59:59 Latest version is 1.5.8
2024-03-16 08:59:59 App is up to date.
2024-03-16 20:41:59 Loading main app package /usr/lib/obsidian/obsidian.asar
2024-03-16 20:42:00 Checking for update using Github
2024-03-16 20:42:00 Success.
2024-03-16 20:42:00 Latest version is 1.5.8
2024-03-16 20:42:00 App is up to date.
2024-03-17 07:11:02 Loading main app package /usr/lib/obsidian/obsidian.asar
2024-03-17 07:11:03 Checking for update using Github
2024-03-17 07:11:05 Success.
2024-03-17 07:11:05 Latest version is 1.5.8
2024-03-17 07:11:05 App is up to date.
2024-03-17 17:16:23 Loading main app package /usr/lib/obsidian/obsidian.asar
2024-03-17 17:16:25 Checking for update using Github
2024-03-17 17:16:27 Success.
2024-03-17 17:16:27 Latest version is 1.5.8
2024-03-17 17:16:27 App is up to date.
2024-03-18 19:11:09 Loading main app package /usr/lib/obsidian/obsidian.asar
2024-03-18 19:11:10 Checking for update using Github
2024-03-18 19:11:11 Success.
2024-03-18 19:11:11 Latest version is 1.5.8
2024-03-18 19:11:11 App is up to date.
2024-03-19 17:25:07 Loading main app package /usr/lib/obsidian/obsidian.asar
2024-03-19 17:25:08 Checking for update using Github
2024-03-19 17:25:09 Success.
2024-03-19 17:25:09 Latest version is 1.5.11
2024-03-19 17:25:09 Downloading update from https://github.com/obsidianmd/obsidian-releases/releases/download/v1.5.11/obsidian-1.5.11.asar.gz
2024-03-19 17:25:12 Verifying hash & signature. Size= 8781777
2024-03-19 17:25:12 Saving file
2024-03-19 17:25:13 Update complete.
2024-03-19 18:04:41 Loading updated app package /home/exia/.config/obsidian/obsidian-1.5.11.asar
2024-03-19 18:04:42 Checking for update using Github
2024-03-19 18:04:43 Success.
2024-03-19 18:04:43 Latest version is 1.5.11
2024-03-19 18:04:43 App is up to date.
2024-03-19 18:12:29 Loading updated app package /home/exia/.config/obsidian/obsidian-1.5.11.asar
2024-03-19 18:12:30 Checking for update using Github
2024-03-19 18:12:30 Success.
2024-03-19 18:12:30 Latest version is 1.5.11
2024-03-19 18:12:30 App is up to date.
2024-03-19 18:38:56 Loading updated app package /home/exia/.config/obsidian/obsidian-1.5.11.asar
2024-03-19 18:38:56 Checking for update using Github
2024-03-19 18:38:57 Success.
2024-03-19 18:38:57 Latest version is 1.5.11
2024-03-19 18:38:57 App is up to date.
2024-03-19 20:59:02 Loading updated app package /home/exia/.config/obsidian/obsidian-1.5.11.asar
2024-03-19 20:59:04 Checking for update using Github
2024-03-19 20:59:05 Success.
2024-03-19 20:59:05 Latest version is 1.5.11
2024-03-19 20:59:05 App is up to date.
2024-03-20 16:33:15 Loading updated app package /home/exia/.config/obsidian/obsidian-1.5.11.asar
2024-03-20 16:33:16 Checking for update using Github
2024-03-20 16:33:17 Success.
2024-03-20 16:33:17 Latest version is 1.5.11
2024-03-20 16:33:17 App is up to date.
2024-03-20 21:35:27 Loading updated app package /home/exia/.config/obsidian/obsidian-1.5.11.asar
2024-03-20 21:35:28 Checking for update using Github
2024-03-20 21:35:29 Success.
2024-03-20 21:35:29 Latest version is 1.5.11
2024-03-20 21:35:29 App is up to date.
2024-03-21 11:52:44 Loading updated app package /home/exia/.config/obsidian/obsidian-1.5.11.asar
2024-03-21 11:52:45 Checking for update using Github
2024-03-21 11:52:46 Success.
2024-03-21 11:52:46 Latest version is 1.5.11
2024-03-21 11:52:46 App is up to date.
2024-03-21 16:29:51 Loading updated app package /home/exia/.config/obsidian/obsidian-1.5.11.asar
2024-03-21 16:29:52 Checking for update using Github
2024-03-21 16:29:52 Success.
2024-03-21 16:29:52 Latest version is 1.5.11
2024-03-21 16:29:52 App is up to date.
2024-03-21 17:31:26 Loading updated app package /home/exia/.config/obsidian/obsidian-1.5.11.asar
2024-03-21 17:31:27 Checking for update using Github
2024-03-21 17:31:28 Success.
2024-03-21 17:31:28 Latest version is 1.5.11
2024-03-21 17:31:28 App is up to date.
2024-03-22 13:31:49 Loading updated app package /home/exia/.config/obsidian/obsidian-1.5.11.asar
2024-03-22 13:31:50 Checking for update using Github
2024-03-22 13:31:51 Success.
2024-03-22 13:31:51 Latest version is 1.5.11
2024-03-22 13:31:51 App is up to date.
2024-03-23 20:31:27 Loading updated app package /home/exia/.config/obsidian/obsidian-1.5.11.asar
2024-03-23 20:31:28 Checking for update using Github
2024-03-23 20:31:29 Success.
2024-03-23 20:31:29 Latest version is 1.5.11
2024-03-23 20:31:29 App is up to date.
2024-03-23 20:50:14 Loading updated app package /home/exia/.config/obsidian/obsidian-1.5.11.asar
2024-03-23 20:50:15 Checking for update using Github
2024-03-23 20:50:15 Success.
2024-03-23 20:50:15 Latest version is 1.5.11
2024-03-23 20:50:15 App is up to date.
2024-03-24 15:59:25 Loading updated app package /home/exia/.config/obsidian/obsidian-1.5.11.asar
2024-03-24 15:59:26 Checking for update using Github
2024-03-24 15:59:26 Success.
2024-03-24 15:59:26 Latest version is 1.5.11
2024-03-24 15:59:26 App is up to date.
2024-03-24 20:05:57 Loading updated app package /home/exia/.config/obsidian/obsidian-1.5.11.asar
2024-03-24 20:05:58 Checking for update using Github
2024-03-24 20:05:58 Success.
2024-03-24 20:05:58 Latest version is 1.5.11
2024-03-24 20:05:58 App is up to date.
2024-03-24 20:36:16 Loading updated app package /home/exia/.config/obsidian/obsidian-1.5.11.asar
2024-03-24 20:36:18 Checking for update using Github
2024-03-24 20:36:19 Success.
2024-03-24 20:36:19 Latest version is 1.5.11
2024-03-24 20:36:19 App is up to date.
2024-03-24 20:38:49 Loading updated app package /home/exia/.config/obsidian/obsidian-1.5.11.asar
2024-03-24 20:38:50 Checking for update using Github
2024-03-24 20:38:51 Success.
2024-03-24 20:38:51 Latest version is 1.5.11
2024-03-24 20:38:51 App is up to date.
2024-03-24 20:44:49 Loading updated app package /home/exia/.config/obsidian/obsidian-1.5.11.asar
2024-03-24 20:44:50 Checking for update using Github
2024-03-24 20:44:51 Success.
2024-03-24 20:44:51 Latest version is 1.5.11
2024-03-24 20:44:51 App is up to date.
2024-03-25 16:36:18 Loading updated app package /home/exia/.config/obsidian/obsidian-1.5.11.asar
2024-03-25 16:36:19 Checking for update using Github
2024-03-25 16:36:20 Success.
2024-03-25 16:36:20 Latest version is 1.5.11
2024-03-25 16:36:20 App is up to date.
2024-03-25 16:56:56 Loading updated app package /home/exia/.config/obsidian/obsidian-1.5.11.asar
2024-03-25 16:56:57 Checking for update using Github
2024-03-25 16:56:57 Success.
2024-03-25 16:56:57 Latest version is 1.5.11
2024-03-25 16:56:57 App is up to date.
2024-03-25 18:51:50 Loading updated app package /home/exia/.config/obsidian/obsidian-1.5.11.asar
2024-03-25 18:51:51 Checking for update using Github
2024-03-25 18:51:51 Success.
2024-03-25 18:51:51 Latest version is 1.5.11
2024-03-25 18:51:51 App is up to date.
2024-03-27 14:44:14 Loading main app package /usr/lib/obsidian/obsidian.asar
2024-03-27 14:44:15 Checking for update using Github
2024-03-27 14:44:16 Success.
2024-03-27 14:44:16 Latest version is 1.5.11
2024-03-27 14:44:16 App is up to date.
2024-03-27 20:47:50 Loading main app package /usr/lib/obsidian/obsidian.asar
2024-03-27 20:47:52 Checking for update using Github
2024-03-27 20:47:53 Success.
2024-03-27 20:47:53 Latest version is 1.5.11
2024-03-27 20:47:53 App is up to date.
2024-03-28 00:21:36 Loading main app package /usr/lib/obsidian/obsidian.asar
2024-03-28 00:21:37 Checking for update using Github
2024-03-28 00:21:38 Success.
2024-03-28 00:21:38 Latest version is 1.5.11
2024-03-28 00:21:38 App is up to date.
2024-03-28 06:53:19 Loading main app package /usr/lib/obsidian/obsidian.asar
2024-03-28 06:53:20 Checking for update using Github
2024-03-28 06:53:20 Success.
2024-03-28 06:53:20 Latest version is 1.5.11
2024-03-28 06:53:20 App is up to date.
2024-03-28 07:16:06 Loading main app package /usr/lib/obsidian/obsidian.asar
2024-03-28 07:16:07 Checking for update using Github
2024-03-28 07:16:08 Success.
2024-03-28 07:16:08 Latest version is 1.5.11
2024-03-28 07:16:08 App is up to date.
2024-03-28 08:16:06 Checking for update using Github
2024-03-28 08:16:07 Success.
2024-03-28 08:16:07 Latest version is 1.5.11
2024-03-28 08:16:07 App is up to date.
2024-03-29 02:41:13 Loading main app package /usr/lib/obsidian/obsidian.asar
2024-03-29 02:41:14 Checking for update using Github
2024-03-29 02:41:14 Success.
2024-03-29 02:41:14 Latest version is 1.5.11
2024-03-29 02:41:14 App is up to date.
2024-03-29 06:00:40 Loading main app package /usr/lib/obsidian/obsidian.asar
2024-03-29 06:00:41 Checking for update using Github
2024-03-29 06:00:41 Success.
2024-03-29 06:00:41 Latest version is 1.5.11
2024-03-29 06:00:41 App is up to date.
2024-03-29 06:01:49 Loading main app package /usr/lib/obsidian/obsidian.asar
2024-03-29 06:01:49 Checking for update using Github
2024-03-29 06:01:49 Success.
2024-03-29 06:01:49 Latest version is 1.5.11
2024-03-29 06:01:49 App is up to date.
2024-03-30 09:21:13 Loading main app package /usr/lib/obsidian/obsidian.asar
2024-03-30 09:21:14 Checking for update using Github
2024-03-30 09:21:14 Success.
2024-03-30 09:21:14 Latest version is 1.5.11
2024-03-30 09:21:14 App is up to date.
2024-03-30 09:37:21 Loading main app package /usr/lib/obsidian/obsidian.asar
2024-03-30 09:37:22 Checking for update using Github
2024-03-30 09:37:24 Success.
2024-03-30 09:37:24 Latest version is 1.5.11
2024-03-30 09:37:24 App is up to date.
2024-03-30 10:04:59 Loading main app package /usr/lib/obsidian/obsidian.asar
2024-03-30 10:05:00 Checking for update using Github
2024-03-30 10:05:00 Success.
2024-03-30 10:05:00 Latest version is 1.5.11
2024-03-30 10:05:00 App is up to date.
2024-03-30 16:01:30 Loading main app package /usr/lib/obsidian/obsidian.asar
2024-03-30 16:01:31 Checking for update using Github
2024-03-30 16:01:33 Success.
2024-03-30 16:01:33 Latest version is 1.5.11
2024-03-30 16:01:33 App is up to date.
2024-03-31 03:25:46 Loading main app package /usr/lib/obsidian/obsidian.asar
2024-03-31 03:25:47 Checking for update using Github
2024-03-31 03:25:47 Success.
2024-03-31 03:25:47 Latest version is 1.5.11
2024-03-31 03:25:47 App is up to date.
2024-03-31 03:29:56 Loading main app package /usr/lib/obsidian/obsidian.asar
2024-03-31 03:29:56 Checking for update using Github
2024-03-31 03:29:56 Success.
2024-03-31 03:29:56 Latest version is 1.5.11
2024-03-31 03:29:56 App is up to date.
2024-04-01 02:35:20 Loading main app package /usr/lib/obsidian/obsidian.asar
2024-04-01 02:35:21 Checking for update using Github
2024-04-01 02:35:21 Success.
2024-04-01 02:35:21 Latest version is 1.5.11
2024-04-01 02:35:21 App is up to date.
2024-04-01 02:36:32 Loading main app package /usr/lib/obsidian/obsidian.asar
2024-04-01 02:36:33 Checking for update using Github
2024-04-01 02:36:33 Success.
2024-04-01 02:36:33 Latest version is 1.5.11
2024-04-01 02:36:33 App is up to date.
2024-04-01 03:13:27 Loading main app package /usr/lib/obsidian/obsidian.asar
2024-04-01 03:13:27 Checking for update using Github
2024-04-01 03:13:28 Success.
2024-04-01 03:13:28 Latest version is 1.5.11
2024-04-01 03:13:28 App is up to date.
2024-04-01 17:46:29 Loading main app package /usr/lib/obsidian/obsidian.asar
2024-04-01 17:46:30 Checking for update using Github
2024-04-01 17:46:30 Success.
2024-04-01 17:46:30 Latest version is 1.5.12
2024-04-01 17:46:30 Downloading update from https://github.com/obsidianmd/obsidian-releases/releases/download/v1.5.12/obsidian-1.5.12.asar.gz
2024-04-01 17:46:33 Verifying hash & signature. Size= 8781526
2024-04-01 17:46:33 Saving file
2024-04-01 17:46:34 Update complete.
2024-04-02 06:34:19 Loading updated app package /home/exia/.config/obsidian/obsidian-1.5.12.asar
2024-04-02 06:34:20 Checking for update using Github
2024-04-02 06:34:20 Success.
2024-04-02 06:34:20 Latest version is 1.5.12
2024-04-02 06:34:20 App is up to date.
2024-04-03 02:48:34 Loading updated app package /home/exia/.config/obsidian/obsidian-1.5.12.asar
2024-04-03 02:48:35 Checking for update using Github
2024-04-03 02:48:36 Success.
2024-04-03 02:48:36 Latest version is 1.5.12
2024-04-03 02:48:36 App is up to date.
2024-04-03 12:16:04 Loading main app package /usr/lib/obsidian/obsidian.asar
2024-04-03 12:16:05 Checking for update using Github
2024-04-03 12:16:05 Success.
2024-04-03 12:16:05 Latest version is 1.5.12
2024-04-03 12:16:05 App is up to date.
2024-04-04 03:48:14 Loading main app package /usr/lib/obsidian/obsidian.asar
2024-04-04 03:48:15 Checking for update using Github
2024-04-04 03:48:16 Success.
2024-04-04 03:48:16 Latest version is 1.5.12
2024-04-04 03:48:16 App is up to date.
2024-04-04 04:15:37 Loading main app package /usr/lib/obsidian/obsidian.asar
2024-04-04 04:15:38 Checking for update using Github
2024-04-04 04:15:38 Success.
2024-04-04 04:15:38 Latest version is 1.5.12
2024-04-04 04:15:38 App is up to date.
2024-04-04 10:44:57 Loading main app package /usr/lib/obsidian/obsidian.asar
2024-04-04 10:44:58 Checking for update using Github
2024-04-04 10:44:58 Success.
2024-04-04 10:44:58 Latest version is 1.5.12
2024-04-04 10:44:58 App is up to date.
2024-04-05 11:47:03 Loading main app package /usr/lib/obsidian/obsidian.asar
2024-04-05 11:47:03 Checking for update using Github
2024-04-05 11:47:04 Success.
2024-04-05 11:47:04 Latest version is 1.5.12
2024-04-05 11:47:04 App is up to date.
2024-04-05 12:47:03 Checking for update using Github
2024-04-05 12:47:03 Success.
2024-04-05 12:47:03 Latest version is 1.5.12
2024-04-05 12:47:03 App is up to date.
2024-04-05 13:47:03 Checking for update using Github
2024-04-05 13:47:03 Success.
2024-04-05 13:47:03 Latest version is 1.5.12
2024-04-05 13:47:03 App is up to date.
2024-04-06 11:05:07 Loading main app package /usr/lib/obsidian/obsidian.asar
2024-04-06 11:05:08 Checking for update using Github
2024-04-06 11:05:08 Success.
2024-04-06 11:05:08 Latest version is 1.5.12
2024-04-06 11:05:08 App is up to date.
2024-04-06 11:24:41 Loading main app package /usr/lib/obsidian/obsidian.asar
2024-04-06 11:24:42 Checking for update using Github
2024-04-06 11:24:43 Success.
2024-04-06 11:24:43 Latest version is 1.5.12
2024-04-06 11:24:43 App is up to date.
2024-04-06 12:07:33 Loading main app package /usr/lib/obsidian/obsidian.asar
2024-04-06 12:07:33 Checking for update using Github
2024-04-06 12:07:34 Success.
2024-04-06 12:07:34 Latest version is 1.5.12
2024-04-06 12:07:34 App is up to date.
2024-04-06 13:07:33 Checking for update using Github
2024-04-06 13:07:33 Success.
2024-04-06 13:07:33 Latest version is 1.5.12
2024-04-06 13:07:33 App is up to date.
2024-04-06 13:22:42 Loading main app package /usr/lib/obsidian/obsidian.asar
2024-04-06 13:22:43 Checking for update using Github
2024-04-06 13:22:43 Success.
2024-04-06 13:22:43 Latest version is 1.5.12
2024-04-06 13:22:43 App is up to date.
2024-04-06 13:23:42 Loading main app package /usr/lib/obsidian/obsidian.asar
2024-04-06 13:23:43 Checking for update using Github
2024-04-06 13:23:43 Success.
2024-04-06 13:23:43 Latest version is 1.5.12
2024-04-06 13:23:43 App is up to date.
2024-04-06 13:28:33 Loading main app package /usr/lib/obsidian/obsidian.asar
2024-04-06 13:28:34 Checking for update using Github
2024-04-06 13:28:35 Success.
2024-04-06 13:28:35 Latest version is 1.5.12
2024-04-06 13:28:35 App is up to date.
2024-04-06 13:30:45 Checking for update using Github
2024-04-06 13:30:45 Success.
2024-04-06 13:30:45 Latest version is 1.5.12
2024-04-06 13:30:45 App is up to date.
2024-04-06 13:30:47 Checking for update using Github
2024-04-06 13:30:47 Success.
2024-04-06 13:30:47 Latest version is 1.5.12
2024-04-06 13:30:47 App is up to date.
2024-04-06 13:30:48 Checking for update using Github
2024-04-06 13:30:48 Success.
2024-04-06 13:30:48 Latest version is 1.5.12
2024-04-06 13:30:48 App is up to date.
2024-04-06 14:14:52 Loading main app package /usr/lib/obsidian/obsidian.asar
2024-04-06 14:14:53 Checking for update using Github
2024-04-06 14:14:54 Success.
2024-04-06 14:14:54 Latest version is 1.5.12
2024-04-06 14:14:54 App is up to date.
2024-04-06 14:23:15 Loading main app package /usr/lib/obsidian/obsidian.asar
2024-04-06 14:23:16 Checking for update using Github
2024-04-06 14:23:16 Success.
2024-04-06 14:23:16 Latest version is 1.5.12
2024-04-06 14:23:16 App is up to date.
2024-04-06 14:49:57 Loading main app package /usr/lib/obsidian/obsidian.asar
2024-04-06 14:49:58 Checking for update using Github
2024-04-06 14:49:58 Success.
2024-04-06 14:49:58 Latest version is 1.5.12
2024-04-06 14:49:58 App is up to date.
2024-04-07 12:58:41 Loading main app package /usr/lib/obsidian/obsidian.asar
2024-04-07 12:58:42 Checking for update using Github
2024-04-07 12:58:43 Success.
2024-04-07 12:58:43 Latest version is 1.5.12
2024-04-07 12:58:43 App is up to date.
2024-04-07 14:37:26 Loading main app package /usr/lib/obsidian/obsidian.asar
2024-04-07 14:37:27 Checking for update using Github
2024-04-07 14:37:28 Success.
2024-04-07 14:37:28 Latest version is 1.5.12
2024-04-07 14:37:28 App is up to date.
2024-04-07 17:09:49 Loading main app package /usr/lib/obsidian/obsidian.asar
2024-04-07 17:09:50 Checking for update using Github
2024-04-07 17:09:50 Success.
2024-04-07 17:09:50 Latest version is 1.5.12
2024-04-07 17:09:50 App is up to date.
2024-04-08 14:49:37 Loading main app package /usr/lib/obsidian/obsidian.asar
2024-04-08 14:49:38 Checking for update using Github
2024-04-08 14:49:38 Success.
2024-04-08 14:49:38 Latest version is 1.5.12
2024-04-08 14:49:38 App is up to date.
2024-04-08 17:22:11 Loading main app package /usr/lib/obsidian/obsidian.asar
2024-04-08 17:22:12 Checking for update using Github
2024-04-08 17:22:14 Success.
2024-04-08 17:22:14 Latest version is 1.5.12
2024-04-08 17:22:14 App is up to date.
2024-04-09 10:35:30 Loading main app package /usr/lib/obsidian/obsidian.asar
2024-04-09 10:35:31 Checking for update using Github
2024-04-09 10:35:32 Success.
2024-04-09 10:35:32 Latest version is 1.5.12
2024-04-09 10:35:32 App is up to date.
2024-04-09 15:53:52 Loading main app package /usr/lib/obsidian/obsidian.asar
2024-04-09 15:53:53 Checking for update using Github
2024-04-09 15:53:53 Success.
2024-04-09 15:53:53 Latest version is 1.5.12
2024-04-09 15:53:53 App is up to date.
2024-04-10 17:36:52 Loading main app package /usr/lib/obsidian/obsidian.asar
2024-04-10 17:36:52 Checking for update using Github
2024-04-10 17:36:53 Success.
2024-04-10 17:36:53 Latest version is 1.5.12
2024-04-10 17:36:53 App is up to date.
2024-04-11 11:26:04 Loading main app package /usr/lib/obsidian/obsidian.asar
2024-04-11 11:26:05 Checking for update using Github
2024-04-11 11:26:05 Success.
2024-04-11 11:26:05 Latest version is 1.5.12
2024-04-11 11:26:05 App is up to date.
2024-04-11 13:51:17 Loading main app package /usr/lib/obsidian/obsidian.asar
2024-04-11 13:51:18 Checking for update using Github
2024-04-11 13:51:19 Success.
2024-04-11 13:51:19 Latest version is 1.5.12
2024-04-11 13:51:19 App is up to date.
2024-04-11 19:25:23 Loading main app package /usr/lib/obsidian/obsidian.asar
2024-04-11 19:25:24 Checking for update using Github
2024-04-11 19:25:25 Success.
2024-04-11 19:25:25 Latest version is 1.5.12
2024-04-11 19:25:25 App is up to date.
2024-04-12 13:17:27 Loading main app package /usr/lib/obsidian/obsidian.asar
2024-04-12 13:17:27 Loading main app package /usr/lib/obsidian/obsidian.asar
2024-04-12 13:17:27 Checking for update using Github
2024-04-12 13:17:28 Checking for update using Github
2024-04-12 13:17:28 Success.
2024-04-12 13:17:28 Latest version is 1.5.12
2024-04-12 13:17:28 App is up to date.
2024-04-13 10:29:31 Loading main app package /usr/lib/obsidian/obsidian.asar
2024-04-13 10:29:32 Checking for update using Github
2024-04-13 10:29:33 Success.
2024-04-13 10:29:33 Latest version is 1.5.12
2024-04-13 10:29:33 App is up to date.
2024-04-13 18:24:51 Loading main app package /usr/lib/obsidian/obsidian.asar
2024-04-13 18:24:52 Checking for update using Github
2024-04-13 18:24:52 Success.
2024-04-13 18:24:52 Latest version is 1.5.12
2024-04-13 18:24:52 App is up to date.
2024-04-14 11:04:11 Loading main app package /usr/lib/obsidian/obsidian.asar
2024-04-14 11:04:12 Checking for update using Github
2024-04-14 11:04:12 Success.
2024-04-14 11:04:12 Latest version is 1.5.12
2024-04-14 11:04:12 App is up to date.
2024-04-15 11:08:21 Loading main app package /usr/lib/obsidian/obsidian.asar
2024-04-15 11:08:23 Checking for update using Github
2024-04-15 11:08:24 Success.
2024-04-15 11:08:24 Latest version is 1.5.12
2024-04-15 11:08:24 App is up to date.
2024-04-15 17:08:58 Loading main app package /usr/lib/obsidian/obsidian.asar
2024-04-15 17:08:59 Checking for update using Github
2024-04-15 17:09:00 Success.
2024-04-15 17:09:00 Latest version is 1.5.12
2024-04-15 17:09:00 App is up to date.
2024-04-16 10:01:59 Loading main app package /usr/lib/obsidian/obsidian.asar
2024-04-16 10:02:00 Checking for update using Github
2024-04-16 10:02:00 Success.
2024-04-16 10:02:00 Latest version is 1.5.12
2024-04-16 10:02:00 App is up to date.
2024-04-17 10:34:11 Loading main app package /usr/lib/obsidian/obsidian.asar
2024-04-17 10:34:12 Checking for update using Github
2024-04-17 10:34:13 Success.
2024-04-17 10:34:13 Latest version is 1.5.12
2024-04-17 10:34:13 App is up to date.
2024-04-17 10:44:09 Loading main app package /usr/lib/obsidian/obsidian.asar
2024-04-17 10:44:10 Checking for update using Github
2024-04-17 10:44:10 Success.
2024-04-17 10:44:10 Latest version is 1.5.12
2024-04-17 10:44:10 App is up to date.
2024-04-18 14:10:48 Loading main app package /usr/lib/obsidian/obsidian.asar
2024-04-18 14:10:49 Checking for update using Github
2024-04-18 14:10:50 Success.
2024-04-18 14:10:50 Latest version is 1.5.12
2024-04-18 14:10:50 App is up to date.
2024-04-18 19:44:10 Loading main app package /usr/lib/obsidian/obsidian.asar
2024-04-18 19:44:11 Checking for update using Github
2024-04-18 19:44:11 Success.
2024-04-18 19:44:11 Latest version is 1.5.12
2024-04-18 19:44:11 App is up to date.
2024-04-19 10:59:09 Loading main app package /usr/lib/obsidian/obsidian.asar
2024-04-19 10:59:10 Checking for update using Github
2024-04-19 10:59:11 Success.
2024-04-19 10:59:11 Latest version is 1.5.12
2024-04-19 10:59:11 App is up to date.
2024-04-19 13:16:33 Loading main app package /usr/lib/obsidian/obsidian.asar
2024-04-19 13:16:34 Checking for update using Github
2024-04-19 13:16:35 Success.
2024-04-19 13:16:35 Latest version is 1.5.12
2024-04-19 13:16:35 App is up to date.
2024-04-20 14:55:49 Loading main app package /usr/lib/obsidian/obsidian.asar
2024-04-20 14:55:50 Checking for update using Github
2024-04-20 14:55:51 Success.
2024-04-20 14:55:51 Latest version is 1.5.12
2024-04-20 14:55:51 App is up to date.
2024-04-20 15:09:06 Loading main app package /usr/lib/obsidian/obsidian.asar
2024-04-20 15:09:06 Checking for update using Github
2024-04-20 15:09:07 Success.
2024-04-20 15:09:07 Latest version is 1.5.12
2024-04-20 15:09:07 App is up to date.
2024-04-20 19:49:38 Loading main app package /usr/lib/obsidian/obsidian.asar
2024-04-20 19:49:39 Checking for update using Github
2024-04-20 19:49:40 Success.
2024-04-20 19:49:40 Latest version is 1.5.12
2024-04-20 19:49:40 App is up to date.
2024-04-21 09:34:20 Loading main app package /usr/lib/obsidian/obsidian.asar
2024-04-21 09:34:21 Checking for update using Github
2024-04-21 09:34:22 Success.
2024-04-21 09:34:22 Latest version is 1.5.12
2024-04-21 09:34:22 App is up to date.
2024-04-21 10:22:51 Loading main app package /usr/lib/obsidian/obsidian.asar
2024-04-21 10:22:51 Checking for update using Github
2024-04-21 10:22:52 Success.
2024-04-21 10:22:52 Latest version is 1.5.12
2024-04-21 10:22:52 App is up to date.
2024-04-21 13:46:14 Loading main app package /usr/lib/obsidian/obsidian.asar
2024-04-21 13:46:15 Checking for update using Github
2024-04-21 13:46:16 Success.
2024-04-21 13:46:16 Latest version is 1.5.12
2024-04-21 13:46:16 App is up to date.
2024-04-21 15:53:25 Loading main app package /usr/lib/obsidian/obsidian.asar
2024-04-21 15:53:26 Checking for update using Github
2024-04-21 15:53:27 Success.
2024-04-21 15:53:27 Latest version is 1.5.12
2024-04-21 15:53:27 App is up to date.
2024-04-21 19:53:38 Loading main app package /usr/lib/obsidian/obsidian.asar
2024-04-21 19:53:39 Checking for update using Github
2024-04-21 19:53:39 Success.
2024-04-21 19:53:39 Latest version is 1.5.12
2024-04-21 19:53:39 App is up to date.
2024-04-22 17:47:08 Loading main app package /usr/lib/obsidian/obsidian.asar
2024-04-22 17:47:09 Checking for update using Github
2024-04-22 17:47:09 Success.
2024-04-22 17:47:09 Latest version is 1.5.12
2024-04-22 17:47:09 App is up to date.
2024-04-22 18:47:48 Loading main app package /usr/lib/obsidian/obsidian.asar
2024-04-22 18:47:49 Checking for update using Github
2024-04-22 18:47:50 Success.
2024-04-22 18:47:50 Latest version is 1.5.12
2024-04-22 18:47:50 App is up to date.
2024-04-23 16:48:24 Loading main app package /usr/lib/obsidian/obsidian.asar
2024-04-23 16:48:25 Checking for update using Github
2024-04-23 16:48:27 Success.
2024-04-23 16:48:27 Latest version is 1.5.12
2024-04-23 16:48:27 App is up to date.
2024-04-24 10:15:10 Loading main app package /usr/lib/obsidian/obsidian.asar
2024-04-24 10:15:11 Checking for update using Github
2024-04-24 10:16:31 Failed to check for update using Github (net::ERR_NAME_NOT_RESOLVED)
2024-04-24 10:16:31 Checking for update using obsidian.md
2024-04-24 10:17:51 Failed to check for update using obsidian.md (net::ERR_NAME_NOT_RESOLVED)
2024-04-24 17:40:52 Loading main app package /usr/lib/obsidian/obsidian.asar
2024-04-24 17:40:53 Checking for update using Github
2024-04-24 17:42:13 Failed to check for update using Github (net::ERR_NAME_NOT_RESOLVED)
2024-04-24 17:42:13 Checking for update using obsidian.md
2024-04-24 17:42:55 Failed to check for update using obsidian.md (net::ERR_NETWORK_CHANGED)
2024-04-24 21:03:28 Loading main app package /usr/lib/obsidian/obsidian.asar
2024-04-24 21:03:29 Checking for update using Github
2024-04-24 21:03:30 Success.
2024-04-24 21:03:30 Latest version is 1.5.12
2024-04-24 21:03:30 App is up to date.
2024-04-25 12:32:03 Loading main app package /usr/lib/obsidian/obsidian.asar
2024-04-25 12:32:04 Checking for update using Github
2024-04-25 12:32:05 Success.
2024-04-25 12:32:05 Latest version is 1.5.12
2024-04-25 12:32:05 App is up to date.
2024-04-26 13:14:40 Loading main app package /usr/lib/obsidian/obsidian.asar
2024-04-26 13:14:41 Checking for update using Github
2024-04-26 13:14:41 Success.
2024-04-26 13:14:41 Latest version is 1.5.12
2024-04-26 13:14:41 App is up to date.
2024-04-27 15:46:35 Loading main app package /usr/lib/obsidian/obsidian.asar
2024-04-27 15:46:36 Checking for update using Github
2024-04-27 15:46:37 Failed to check for update using Github (net::ERR_INTERNET_DISCONNECTED)
2024-04-27 15:46:37 Checking for update using obsidian.md
2024-04-27 15:46:37 Failed to check for update using obsidian.md (net::ERR_INTERNET_DISCONNECTED)
2024-04-27 15:58:43 Loading main app package /usr/lib/obsidian/obsidian.asar
2024-04-27 15:58:44 Checking for update using Github
2024-04-27 15:58:45 Success.
2024-04-27 15:58:45 Latest version is 1.5.12
2024-04-27 15:58:45 App is up to date.
2024-04-27 19:58:56 Loading main app package /usr/lib/obsidian/obsidian.asar
2024-04-27 19:58:57 Checking for update using Github
2024-04-27 19:58:59 Success.
2024-04-27 19:58:59 Latest version is 1.5.12
2024-04-27 19:58:59 App is up to date.
2024-04-27 20:21:30 Loading main app package /usr/lib/obsidian/obsidian.asar
2024-04-27 20:21:31 Checking for update using Github
2024-04-27 20:21:31 Success.
2024-04-27 20:21:31 Latest version is 1.5.12
2024-04-27 20:21:31 App is up to date.
2024-04-28 15:51:28 Loading main app package /usr/lib/obsidian/obsidian.asar
2024-04-28 15:51:29 Checking for update using Github
2024-04-28 15:51:29 Success.
2024-04-28 15:51:29 Latest version is 1.5.12
2024-04-28 15:51:29 App is up to date.
2024-04-29 16:14:22 Loading main app package /usr/lib/obsidian/obsidian.asar
2024-04-29 16:14:23 Checking for update using Github
2024-04-29 16:14:23 Success.
2024-04-29 16:14:23 Latest version is 1.5.12
2024-04-29 16:14:23 App is up to date.
2024-04-29 21:24:43 Loading main app package /usr/lib/obsidian/obsidian.asar
2024-04-29 21:24:44 Checking for update using Github
2024-04-29 21:24:45 Success.
2024-04-29 21:24:45 Latest version is 1.5.12
2024-04-29 21:24:45 App is up to date.
2024-04-30 01:37:03 Loading main app package /usr/lib/obsidian/obsidian.asar
2024-04-30 01:37:03 Checking for update using Github
2024-04-30 01:37:04 Success.
2024-04-30 01:37:04 Latest version is 1.5.12
2024-04-30 01:37:04 App is up to date.
2024-04-30 02:37:03 Checking for update using Github
2024-04-30 02:37:03 Success.
2024-04-30 02:37:03 Latest version is 1.5.12
2024-04-30 02:37:03 App is up to date.
2024-04-30 03:37:03 Checking for update using Github
2024-04-30 03:37:03 Success.
2024-04-30 03:37:03 Latest version is 1.5.12
2024-04-30 03:37:03 App is up to date.
2024-04-30 14:35:30 Loading main app package /usr/lib/obsidian/obsidian.asar
2024-04-30 14:35:31 Checking for update using Github
2024-04-30 14:35:32 Success.
2024-04-30 14:35:32 Latest version is 1.5.12
2024-04-30 14:35:32 App is up to date.
2024-04-30 19:58:40 Loading main app package /usr/lib/obsidian/obsidian.asar
2024-04-30 19:58:41 Checking for update using Github
2024-04-30 19:58:41 Success.
2024-04-30 19:58:41 Latest version is 1.5.12
2024-04-30 19:58:41 App is up to date.
2024-05-01 02:43:32 Loading main app package /usr/lib/obsidian/obsidian.asar
2024-05-01 02:43:32 Checking for update using Github
2024-05-01 02:43:33 Success.
2024-05-01 02:43:33 Latest version is 1.5.12
2024-05-01 02:43:33 App is up to date.
2024-05-01 19:01:06 Loading main app package /usr/lib/obsidian/obsidian.asar
2024-05-01 19:01:07 Checking for update using Github
2024-05-01 19:01:07 Success.
2024-05-01 19:01:07 Latest version is 1.5.12
2024-05-01 19:01:07 App is up to date.
2024-05-02 05:31:23 Loading main app package /usr/lib/obsidian/obsidian.asar
2024-05-02 05:31:24 Checking for update using Github
2024-05-02 05:31:25 Success.
2024-05-02 05:31:25 Latest version is 1.5.12
2024-05-02 05:31:25 App is up to date.
2024-05-03 04:36:00 Loading main app package /usr/lib/obsidian/obsidian.asar
2024-05-03 04:36:01 Checking for update using Github
2024-05-03 04:36:02 Success.
2024-05-03 04:36:02 Latest version is 1.5.12
2024-05-03 04:36:02 App is up to date.
2024-05-03 04:41:43 Loading main app package /usr/lib/obsidian/obsidian.asar
2024-05-03 04:41:44 Checking for update using Github
2024-05-03 04:41:44 Success.
2024-05-03 04:41:44 Latest version is 1.5.12
2024-05-03 04:41:44 App is up to date.
2024-05-03 07:45:39 Loading main app package /usr/lib/obsidian/obsidian.asar
2024-05-03 07:45:40 Checking for update using Github
2024-05-03 07:45:40 Success.
2024-05-03 07:45:40 Latest version is 1.5.12
2024-05-03 07:45:40 App is up to date.
2024-05-03 08:28:19 Loading main app package /usr/lib/obsidian/obsidian.asar
2024-05-03 08:28:20 Checking for update using Github
2024-05-03 08:28:21 Success.
2024-05-03 08:28:21 Latest version is 1.5.12
2024-05-03 08:28:21 App is up to date.
2024-05-03 22:02:11 Loading main app package /usr/lib/obsidian/obsidian.asar
2024-05-03 22:02:12 Checking for update using Github
2024-05-03 22:02:13 Success.
2024-05-03 22:02:13 Latest version is 1.5.12
2024-05-03 22:02:13 App is up to date.
2024-05-04 01:34:03 Loading main app package /usr/lib/obsidian/obsidian.asar
2024-05-04 01:34:04 Checking for update using Github
2024-05-04 01:34:04 Success.
2024-05-04 01:34:04 Latest version is 1.5.12
2024-05-04 01:34:04 App is up to date.
2024-05-04 18:55:36 Loading main app package /usr/lib/obsidian/obsidian.asar
2024-05-04 18:55:37 Checking for update using Github
2024-05-04 18:55:37 Success.
2024-05-04 18:55:37 Latest version is 1.5.12
2024-05-04 18:55:37 App is up to date.
2024-05-05 02:19:50 Loading main app package /usr/lib/obsidian/obsidian.asar
2024-05-05 02:19:50 Checking for update using Github
2024-05-05 02:19:50 Success.
2024-05-05 02:19:50 Latest version is 1.5.12
2024-05-05 02:19:50 App is up to date.
2024-05-05 03:07:07 Loading main app package /usr/lib/obsidian/obsidian.asar
2024-05-05 03:07:08 Checking for update using Github
2024-05-05 03:07:08 Success.
2024-05-05 03:07:08 Latest version is 1.5.12
2024-05-05 03:07:08 App is up to date.
2024-05-06 07:01:02 Loading main app package /usr/lib/obsidian/obsidian.asar
2024-05-06 07:01:02 Checking for update using Github
2024-05-06 07:01:03 Success.
2024-05-06 07:01:03 Latest version is 1.5.12
2024-05-06 07:01:03 App is up to date.
2024-05-06 07:04:51 Loading main app package /usr/lib/obsidian/obsidian.asar
2024-05-06 07:04:51 Checking for update using Github
2024-05-06 07:04:51 Success.
2024-05-06 07:04:51 Latest version is 1.5.12
2024-05-06 07:04:51 App is up to date.
2024-05-06 07:15:51 Loading main app package /usr/lib/obsidian/obsidian.asar
2024-05-06 07:15:51 Checking for update using Github
2024-05-06 07:15:52 Success.
2024-05-06 07:15:52 Latest version is 1.5.12
2024-05-06 07:15:52 App is up to date.
2024-05-07 03:17:55 Loading main app package /usr/lib/obsidian/obsidian.asar
2024-05-07 03:17:55 Checking for update using Github
2024-05-07 03:17:56 Success.
2024-05-07 03:17:56 Latest version is 1.5.12
2024-05-07 03:17:56 App is up to date.
2024-05-07 07:28:37 Loading main app package /usr/lib/obsidian/obsidian.asar
2024-05-07 07:28:38 Checking for update using Github
2024-05-07 07:28:38 Success.
2024-05-07 07:28:38 Latest version is 1.5.12
2024-05-07 07:28:38 App is up to date.
2024-05-07 15:11:54 Loading main app package /usr/lib/obsidian/obsidian.asar
2024-05-07 15:11:55 Checking for update using Github
2024-05-07 15:11:55 Success.
2024-05-07 15:11:55 Latest version is 1.5.12
2024-05-07 15:11:55 App is up to date.
2024-05-08 03:53:05 Loading main app package /usr/lib/obsidian/obsidian.asar
2024-05-08 03:53:05 Checking for update using Github
2024-05-08 03:53:06 Success.
2024-05-08 03:53:06 Latest version is 1.5.12
2024-05-08 03:53:06 App is up to date.
2024-05-08 03:54:17 Loading main app package /usr/lib/obsidian/obsidian.asar
2024-05-08 03:54:17 Checking for update using Github
2024-05-08 03:54:18 Success.
2024-05-08 03:54:18 Latest version is 1.5.12
2024-05-08 03:54:18 App is up to date.
2024-05-08 13:33:34 Loading main app package /usr/lib/obsidian/obsidian.asar
2024-05-08 13:33:35 Checking for update using Github
2024-05-08 13:33:35 Success.
2024-05-08 13:33:35 Latest version is 1.5.12
2024-05-08 13:33:35 App is up to date.
2024-05-09 06:20:09 Loading main app package /usr/lib/obsidian/obsidian.asar
2024-05-09 06:20:10 Checking for update using Github
2024-05-09 06:20:10 Success.
2024-05-09 06:20:10 Latest version is 1.5.12
2024-05-09 06:20:10 App is up to date.
2024-05-09 18:19:59 Loading main app package /usr/lib/obsidian/obsidian.asar
2024-05-09 18:20:00 Checking for update using Github
2024-05-09 18:20:00 Success.
2024-05-09 18:20:00 Latest version is 1.5.12
2024-05-09 18:20:00 App is up to date.
2024-05-10 06:01:22 Loading main app package /usr/lib/obsidian/obsidian.asar
2024-05-10 06:01:23 Checking for update using Github
2024-05-10 06:01:24 Success.
2024-05-10 06:01:24 Latest version is 1.5.12
2024-05-10 06:01:24 App is up to date.
2024-05-11 06:00:54 Loading main app package /usr/lib/obsidian/obsidian.asar
2024-05-11 06:00:54 Checking for update using Github
2024-05-11 06:00:55 Success.
2024-05-11 06:00:55 Latest version is 1.5.12
2024-05-11 06:00:55 App is up to date.
2024-05-12 06:51:17 Loading main app package /usr/lib/obsidian/obsidian.asar
2024-05-12 06:51:17 Checking for update using Github
2024-05-12 06:51:18 Success.
2024-05-12 06:51:18 Latest version is 1.5.12
2024-05-12 06:51:18 App is up to date.
2024-05-13 07:34:34 Loading main app package /usr/lib/obsidian/obsidian.asar
2024-05-13 07:34:35 Checking for update using Github
2024-05-13 07:34:35 Success.
2024-05-13 07:34:35 Latest version is 1.5.12
2024-05-13 07:34:35 App is up to date.
2024-05-14 12:01:51 Loading main app package /usr/lib/obsidian/obsidian.asar
2024-05-14 12:01:52 Checking for update using Github
2024-05-14 12:01:52 Success.
2024-05-14 12:01:52 Latest version is 1.5.12
2024-05-14 12:01:52 App is up to date.
2024-05-15 10:53:03 Loading main app package /usr/lib/obsidian/obsidian.asar
2024-05-15 10:53:03 Checking for update using Github
2024-05-15 10:53:04 Success.
2024-05-15 10:53:04 Latest version is 1.5.12
2024-05-15 10:53:04 App is up to date.
2024-05-15 17:25:36 Loading main app package /usr/lib/obsidian/obsidian.asar
2024-05-15 17:25:36 Checking for update using Github
2024-05-15 17:25:37 Success.
2024-05-15 17:25:37 Latest version is 1.5.12
2024-05-15 17:25:37 App is up to date.
2024-05-16 10:36:12 Loading main app package /usr/lib/obsidian/obsidian.asar
2024-05-16 10:36:12 Checking for update using Github
2024-05-16 10:36:13 Success.
2024-05-16 10:36:13 Latest version is 1.5.12
2024-05-16 10:36:13 App is up to date.
2024-05-17 12:10:45 Loading main app package /usr/lib/obsidian/obsidian.asar
2024-05-17 12:10:46 Checking for update using Github
2024-05-17 12:10:46 Success.
2024-05-17 12:10:46 Latest version is 1.5.12
2024-05-17 12:10:46 App is up to date.
2024-05-17 19:11:39 Loading main app package /usr/lib/obsidian/obsidian.asar
2024-05-17 19:11:39 Checking for update using Github
2024-05-17 19:11:39 Success.
2024-05-17 19:11:39 Latest version is 1.5.12
2024-05-17 19:11:39 App is up to date.
2024-05-17 20:02:29 Loading main app package /usr/lib/obsidian/obsidian.asar
2024-05-17 20:02:29 Checking for update using Github
2024-05-17 20:02:30 Success.
2024-05-17 20:02:30 Latest version is 1.5.12
2024-05-17 20:02:30 App is up to date.
2024-05-18 16:27:46 Loading main app package /usr/lib/obsidian/obsidian.asar
2024-05-18 16:27:47 Checking for update using Github
2024-05-18 16:27:48 Success.
2024-05-18 16:27:48 Latest version is 1.5.12
2024-05-18 16:27:48 App is up to date.
2024-05-18 18:11:52 Loading main app package /usr/lib/obsidian/obsidian.asar
2024-05-18 18:11:53 Checking for update using Github
2024-05-18 18:11:55 Success.
2024-05-18 18:11:55 Latest version is 1.5.12
2024-05-18 18:11:55 App is up to date.
2024-05-18 20:32:34 Loading main app package /usr/lib/obsidian/obsidian.asar
2024-05-18 20:32:35 Checking for update using Github
2024-05-18 20:32:35 Success.
2024-05-18 20:32:35 Latest version is 1.5.12
2024-05-18 20:32:35 App is up to date.
2024-05-19 11:49:57 Loading main app package /usr/lib/obsidian/obsidian.asar
2024-05-19 11:49:57 Checking for update using Github
2024-05-19 11:49:58 Success.
2024-05-19 11:49:58 Latest version is 1.5.12
2024-05-19 11:49:58 App is up to date.
2024-05-19 14:39:36 Loading main app package /usr/lib/obsidian/obsidian.asar
2024-05-19 14:39:37 Checking for update using Github
2024-05-19 14:39:37 Success.
2024-05-19 14:39:37 Latest version is 1.5.12
2024-05-19 14:39:37 App is up to date.
2024-05-20 19:56:31 Loading main app package /usr/lib/obsidian/obsidian.asar
2024-05-20 19:56:32 Checking for update using Github
2024-05-20 19:56:32 Success.
2024-05-20 19:56:32 Latest version is 1.5.12
2024-05-20 19:56:32 App is up to date.
2024-05-21 10:29:42 Loading main app package /usr/lib/obsidian/obsidian.asar
2024-05-21 10:29:42 Checking for update using Github
2024-05-21 10:29:43 Success.
2024-05-21 10:29:43 Latest version is 1.5.12
2024-05-21 10:29:43 App is up to date.
2024-05-21 13:16:51 Loading main app package /usr/lib/obsidian/obsidian.asar
2024-05-21 13:16:52 Checking for update using Github
2024-05-21 13:16:52 Success.
2024-05-21 13:16:52 Latest version is 1.5.12
2024-05-21 13:16:52 App is up to date.
2024-05-21 22:48:31 Loading main app package /usr/lib/obsidian/obsidian.asar
2024-05-21 22:48:31 Checking for update using Github
2024-05-21 22:48:32 Success.
2024-05-21 22:48:32 Latest version is 1.5.12
2024-05-21 22:48:32 App is up to date.
2024-05-23 13:14:54 Loading main app package /usr/lib/obsidian/obsidian.asar
2024-05-23 13:14:55 Checking for update using Github
2024-05-23 13:14:55 Success.
2024-05-23 13:14:55 Latest version is 1.5.12
2024-05-23 13:14:55 App is up to date.
2024-05-24 15:38:28 Loading main app package /usr/lib/obsidian/obsidian.asar
2024-05-24 15:38:29 Checking for update using Github
2024-05-24 15:38:30 Success.
2024-05-24 15:38:30 Latest version is 1.5.12
2024-05-24 15:38:30 App is up to date.
2024-05-25 02:53:50 Loading main app package /usr/lib/obsidian/obsidian.asar
2024-05-25 02:53:50 Checking for update using Github
2024-05-25 02:53:51 Success.
2024-05-25 02:53:51 Latest version is 1.5.12
2024-05-25 02:53:51 App is up to date.
2024-05-25 03:37:08 Loading main app package /usr/lib/obsidian/obsidian.asar
2024-05-25 03:37:08 Checking for update using Github
2024-05-25 03:37:09 Success.
2024-05-25 03:37:09 Latest version is 1.5.12
2024-05-25 03:37:09 App is up to date.
2024-05-25 18:39:58 Loading main app package /usr/lib/obsidian/obsidian.asar
2024-05-25 18:39:59 Checking for update using Github
2024-05-25 18:40:00 Success.
2024-05-25 18:40:00 Latest version is 1.5.12
2024-05-25 18:40:00 App is up to date.
2024-05-26 18:36:46 Loading main app package /usr/lib/obsidian/obsidian.asar
2024-05-26 18:36:47 Checking for update using Github
2024-05-26 18:36:47 Success.
2024-05-26 18:36:47 Latest version is 1.5.12
2024-05-26 18:36:47 App is up to date.
2024-05-27 20:18:13 Loading main app package /usr/lib/obsidian/obsidian.asar
2024-05-27 20:18:14 Checking for update using Github
2024-05-27 20:18:14 Success.
2024-05-27 20:18:14 Latest version is 1.5.12
2024-05-27 20:18:14 App is up to date.
2024-05-28 03:18:26 Loading main app package /usr/lib/obsidian/obsidian.asar
2024-05-28 03:18:27 Checking for update using Github
2024-05-28 03:18:32 Success.
2024-05-28 03:18:32 Latest version is 1.5.12
2024-05-28 03:18:32 App is up to date.
2024-05-28 04:02:36 Loading main app package /usr/lib/obsidian/obsidian.asar
2024-05-28 04:02:37 Checking for update using Github
2024-05-28 04:02:38 Success.
2024-05-28 04:02:38 Latest version is 1.5.12
2024-05-28 04:02:38 App is up to date.
2024-05-28 22:38:45 Loading main app package /usr/lib/obsidian/obsidian.asar
2024-05-28 22:38:45 Checking for update using Github
2024-05-28 22:38:45 Success.
2024-05-28 22:38:45 Latest version is 1.5.12
2024-05-28 22:38:45 App is up to date.
2024-05-30 01:19:12 Loading main app package /usr/lib/obsidian/obsidian.asar
2024-05-30 01:19:12 Checking for update using Github
2024-05-30 01:19:13 Success.
2024-05-30 01:19:13 Latest version is 1.5.12
2024-05-30 01:19:13 App is up to date.
2024-05-30 01:22:03 Loading main app package /usr/lib/obsidian/obsidian.asar
2024-05-30 01:22:03 Checking for update using Github
2024-05-30 01:22:03 Success.
2024-05-30 01:22:03 Latest version is 1.5.12
2024-05-30 01:22:03 App is up to date.
2024-05-30 02:12:52 Loading main app package /usr/lib/obsidian/obsidian.asar
2024-05-30 02:12:53 Checking for update using Github
2024-05-30 02:12:53 Success.
2024-05-30 02:12:53 Latest version is 1.5.12
2024-05-30 02:12:53 App is up to date.
2024-05-30 07:47:31 Loading main app package /usr/lib/obsidian/obsidian.asar
2024-05-30 07:47:33 Checking for update using Github
2024-05-30 07:47:34 Success.
2024-05-30 07:47:34 Latest version is 1.5.12
2024-05-30 07:47:34 App is up to date.
2024-05-30 08:50:05 Checking for update using Github
2024-05-30 08:50:05 Success.
2024-05-30 08:50:05 Latest version is 1.5.12
2024-05-30 08:50:05 App is up to date.
2024-05-30 08:59:34 Loading main app package /usr/lib/obsidian/obsidian.asar
2024-05-30 08:59:35 Checking for update using Github
2024-05-30 08:59:35 Success.
2024-05-30 08:59:35 Latest version is 1.5.12
2024-05-30 08:59:35 App is up to date.
2024-05-30 09:59:34 Checking for update using Github
2024-05-30 09:59:35 Success.
2024-05-30 09:59:35 Latest version is 1.5.12
2024-05-30 09:59:35 App is up to date.
2024-05-31 02:45:37 Loading main app package /usr/lib/obsidian/obsidian.asar
2024-05-31 02:45:37 Checking for update using Github
2024-05-31 02:45:38 Success.
2024-05-31 02:45:38 Latest version is 1.5.12
2024-05-31 02:45:38 App is up to date.
2024-05-31 11:33:43 Loading main app package /usr/lib/obsidian/obsidian.asar
2024-05-31 11:33:43 Checking for update using Github
2024-05-31 11:33:46 Success.
2024-05-31 11:33:46 Latest version is 1.5.12
2024-05-31 11:33:46 App is up to date.
2024-06-01 02:48:52 Loading main app package /usr/lib/obsidian/obsidian.asar
2024-06-01 02:48:53 Checking for update using Github
2024-06-01 02:50:13 Failed to check for update using Github (net::ERR_NAME_NOT_RESOLVED)
2024-06-01 02:50:13 Checking for update using obsidian.md
2024-06-01 02:57:56 Loading main app package /usr/lib/obsidian/obsidian.asar
2024-06-01 02:57:56 Checking for update using Github
2024-06-01 02:59:16 Failed to check for update using Github (net::ERR_NAME_NOT_RESOLVED)
2024-06-01 02:59:16 Checking for update using obsidian.md
2024-06-01 03:00:37 Failed to check for update using obsidian.md (net::ERR_NAME_NOT_RESOLVED)
2024-06-01 13:39:46 Loading main app package /usr/lib/obsidian/obsidian.asar
2024-06-01 13:39:47 Checking for update using Github
2024-06-01 13:39:47 Success.
2024-06-01 13:39:47 Latest version is 1.5.12
2024-06-01 13:39:47 App is up to date.
2024-06-03 19:21:02 Loading main app package /usr/lib/obsidian/obsidian.asar
2024-06-03 19:21:02 Checking for update using Github
2024-06-03 19:21:03 Success.
2024-06-03 19:21:03 Latest version is 1.5.12
2024-06-03 19:21:03 App is up to date.
2024-06-04 03:50:42 Loading main app package /usr/lib/obsidian/obsidian.asar
2024-06-04 03:50:42 Checking for update using Github
2024-06-04 03:50:43 Success.
2024-06-04 03:50:43 Latest version is 1.5.12
2024-06-04 03:50:43 App is up to date.
2024-06-05 05:37:37 Loading main app package /usr/lib/obsidian/obsidian.asar
2024-06-05 05:37:37 Checking for update using Github
2024-06-05 05:37:38 Success.
2024-06-05 05:37:38 Latest version is 1.5.12
2024-06-05 05:37:38 App is up to date.
2024-06-06 06:08:04 Loading main app package /usr/lib/obsidian/obsidian.asar
2024-06-06 06:08:04 Checking for update using Github
2024-06-06 06:08:05 Success.
2024-06-06 06:08:05 Latest version is 1.5.12
2024-06-06 06:08:05 App is up to date.
2024-06-06 17:53:02 Loading main app package /usr/lib/obsidian/obsidian.asar
2024-06-06 17:53:02 Checking for update using Github
2024-06-06 17:53:03 Success.
2024-06-06 17:53:03 Latest version is 1.5.12
2024-06-06 17:53:03 App is up to date.
2024-06-07 08:29:47 Loading main app package /usr/lib/obsidian/obsidian.asar
2024-06-07 08:29:47 Checking for update using Github
2024-06-07 08:29:48 Success.
2024-06-07 08:29:48 Latest version is 1.5.12
2024-06-07 08:29:48 App is up to date.
2024-06-08 05:32:21 Loading main app package /usr/lib/obsidian/obsidian.asar
2024-06-08 05:32:22 Checking for update using Github
2024-06-08 05:33:42 Failed to check for update using Github (net::ERR_NAME_NOT_RESOLVED)
2024-06-08 05:33:42 Checking for update using obsidian.md
2024-06-08 05:34:40 Failed to check for update using obsidian.md (net::ERR_NETWORK_CHANGED)
2024-06-08 05:42:54 Loading main app package /usr/lib/obsidian/obsidian.asar
2024-06-08 05:42:55 Checking for update using Github
2024-06-08 08:44:12 Loading main app package /usr/lib/obsidian/obsidian.asar
2024-06-08 08:44:13 Checking for update using Github
2024-06-08 08:45:33 Failed to check for update using Github (net::ERR_NAME_NOT_RESOLVED)
2024-06-08 08:45:33 Checking for update using obsidian.md
2024-06-08 08:46:53 Failed to check for update using obsidian.md (net::ERR_NAME_NOT_RESOLVED)
2024-06-08 21:06:29 Loading main app package /usr/lib/obsidian/obsidian.asar
2024-06-08 21:06:30 Checking for update using Github
2024-06-08 21:06:31 Success.
2024-06-08 21:06:31 Latest version is 1.6.3
2024-06-08 21:06:31 Downloading update from https://github.com/obsidianmd/obsidian-releases/releases/download/v1.6.3/obsidian-1.6.3.asar.gz
2024-06-08 21:06:32 Verifying hash & signature. Size= 8794449
2024-06-08 21:06:32 Saving file
2024-06-08 21:06:33 Update complete.
2024-06-09 06:38:22 Loading updated app package /home/exia/.config/obsidian/obsidian-1.6.3.asar
2024-06-09 06:38:23 Checking for update using Github
2024-06-09 06:38:24 Success.
2024-06-09 06:38:24 Latest version is 1.6.3
2024-06-09 06:38:24 App is up to date.
2024-06-09 06:46:52 Loading updated app package /home/exia/.config/obsidian/obsidian-1.6.3.asar
2024-06-09 06:46:52 Checking for update using Github
2024-06-09 06:46:53 Success.
2024-06-09 06:46:53 Latest version is 1.6.3
2024-06-09 06:46:53 App is up to date.
