2024-08-04 02:30:34.508 [info] [main] Log level: Info
2024-08-04 02:30:34.508 [info] [main] Validating found git in: "git"
2024-08-04 02:30:34.508 [info] [main] Using git "2.46.0" from "git"
2024-08-04 02:30:34.508 [info] [Model][doInitialScan] Initial repository scan started
2024-08-04 02:30:34.508 [info] [Model][doInitialScan] Initial repository scan completed - repositories (0), closed repositories (0), parent repositories (0), unsafe repositories (0)
2024-08-04 02:30:42.942 [info] > git rev-parse --show-toplevel [9ms]
2024-08-04 02:30:42.942 [info] fatal: not a git repository (or any parent up to mount point /)
Stopping at filesystem boundary (GIT_DISCOVERY_ACROSS_FILESYSTEM not set).
2024-08-04 02:32:26.638 [info] > git rev-parse --show-toplevel [33ms]
2024-08-04 02:32:26.638 [info] fatal: not a git repository (or any parent up to mount point /)
Stopping at filesystem boundary (GIT_DISCOVERY_ACROSS_FILESYSTEM not set).
2024-08-04 02:33:41.681 [info] > git rev-parse --show-toplevel [19ms]
2024-08-04 02:33:41.681 [info] fatal: not a git repository (or any parent up to mount point /)
Stopping at filesystem boundary (GIT_DISCOVERY_ACROSS_FILESYSTEM not set).
2024-08-04 02:33:49.971 [info] > git rev-parse --show-toplevel [5ms]
2024-08-04 02:33:49.971 [info] fatal: not a git repository (or any parent up to mount point /)
Stopping at filesystem boundary (GIT_DISCOVERY_ACROSS_FILESYSTEM not set).
2024-08-04 02:35:13.622 [info] > git rev-parse --show-toplevel [6ms]
2024-08-04 02:35:13.622 [info] fatal: not a git repository (or any parent up to mount point /)
Stopping at filesystem boundary (GIT_DISCOVERY_ACROSS_FILESYSTEM not set).
2024-08-04 02:35:32.245 [info] > git rev-parse --show-toplevel [12ms]
2024-08-04 02:35:32.245 [info] fatal: not a git repository (or any parent up to mount point /)
Stopping at filesystem boundary (GIT_DISCOVERY_ACROSS_FILESYSTEM not set).
2024-08-04 02:35:58.604 [info] > git rev-parse --show-toplevel [5ms]
2024-08-04 02:35:58.604 [info] fatal: not a git repository (or any parent up to mount point /)
Stopping at filesystem boundary (GIT_DISCOVERY_ACROSS_FILESYSTEM not set).
2024-08-04 02:36:25.932 [info] > git rev-parse --show-toplevel [4ms]
2024-08-04 02:36:25.932 [info] fatal: not a git repository (or any parent up to mount point /)
Stopping at filesystem boundary (GIT_DISCOVERY_ACROSS_FILESYSTEM not set).
2024-08-04 02:36:41.559 [info] > git rev-parse --show-toplevel [9ms]
2024-08-04 02:36:41.559 [info] fatal: not a git repository (or any parent up to mount point /)
Stopping at filesystem boundary (GIT_DISCOVERY_ACROSS_FILESYSTEM not set).
2024-08-04 02:36:57.743 [info] > git rev-parse --show-toplevel [4ms]
2024-08-04 02:36:57.743 [info] fatal: not a git repository (or any parent up to mount point /)
Stopping at filesystem boundary (GIT_DISCOVERY_ACROSS_FILESYSTEM not set).
2024-08-04 02:36:58.726 [info] > git rev-parse --show-toplevel [5ms]
2024-08-04 02:36:58.726 [info] fatal: not a git repository (or any parent up to mount point /)
Stopping at filesystem boundary (GIT_DISCOVERY_ACROSS_FILESYSTEM not set).
2024-08-04 02:37:15.249 [info] > git rev-parse --show-toplevel [3ms]
2024-08-04 02:37:15.249 [info] fatal: not a git repository (or any parent up to mount point /)
Stopping at filesystem boundary (GIT_DISCOVERY_ACROSS_FILESYSTEM not set).
2024-08-04 02:37:25.233 [info] > git rev-parse --show-toplevel [5ms]
2024-08-04 02:37:25.233 [info] fatal: not a git repository (or any parent up to mount point /)
Stopping at filesystem boundary (GIT_DISCOVERY_ACROSS_FILESYSTEM not set).
2024-08-04 02:37:29.859 [info] > git rev-parse --show-toplevel [4ms]
2024-08-04 02:37:29.860 [info] fatal: not a git repository (or any parent up to mount point /)
Stopping at filesystem boundary (GIT_DISCOVERY_ACROSS_FILESYSTEM not set).
2024-08-04 02:37:36.326 [info] > git rev-parse --show-toplevel [7ms]
2024-08-04 02:37:36.326 [info] fatal: not a git repository (or any parent up to mount point /)
Stopping at filesystem boundary (GIT_DISCOVERY_ACROSS_FILESYSTEM not set).
2024-08-04 02:37:52.089 [info] > git rev-parse --show-toplevel [5ms]
2024-08-04 02:37:52.089 [info] fatal: not a git repository (or any parent up to mount point /)
Stopping at filesystem boundary (GIT_DISCOVERY_ACROSS_FILESYSTEM not set).
2024-08-04 02:38:02.180 [info] > git rev-parse --show-toplevel [7ms]
2024-08-04 02:38:02.181 [info] fatal: not a git repository (or any parent up to mount point /)
Stopping at filesystem boundary (GIT_DISCOVERY_ACROSS_FILESYSTEM not set).
2024-08-04 02:38:23.118 [info] > git rev-parse --show-toplevel [4ms]
2024-08-04 02:38:23.119 [info] fatal: not a git repository (or any parent up to mount point /)
Stopping at filesystem boundary (GIT_DISCOVERY_ACROSS_FILESYSTEM not set).
2024-08-04 02:39:16.003 [info] > git rev-parse --show-toplevel [63ms]
2024-08-04 02:39:16.006 [info] fatal: not a git repository (or any parent up to mount point /)
Stopping at filesystem boundary (GIT_DISCOVERY_ACROSS_FILESYSTEM not set).
