2024-08-04 02:27:35.807 [info] [main] Log level: Info
2024-08-04 02:27:35.807 [info] [main] Validating found git in: "git"
2024-08-04 02:27:35.807 [info] [main] Using git "2.46.0" from "git"
2024-08-04 02:27:35.807 [info] [Model][doInitialScan] Initial repository scan started
2024-08-04 02:27:35.807 [info] [Model][doInitialScan] Initial repository scan completed - repositories (0), closed repositories (0), parent repositories (0), unsafe repositories (0)
2024-08-04 02:27:37.719 [info] > git rev-parse --show-toplevel [14ms]
2024-08-04 02:27:37.719 [info] fatal: not a git repository (or any parent up to mount point /)
Stopping at filesystem boundary (GIT_DISCOVERY_ACROSS_FILESYSTEM not set).
2024-08-04 02:27:55.337 [info] > git rev-parse --show-toplevel [5ms]
2024-08-04 02:27:55.337 [info] fatal: not a git repository (or any parent up to mount point /)
Stopping at filesystem boundary (GIT_DISCOVERY_ACROSS_FILESYSTEM not set).
2024-08-04 02:28:19.751 [info] [main] Log level: Info
2024-08-04 02:28:19.751 [info] [main] Validating found git in: "git"
2024-08-04 02:28:19.751 [info] [main] Using git "2.46.0" from "git"
2024-08-04 02:28:19.751 [info] [Model][doInitialScan] Initial repository scan started
2024-08-04 02:28:19.783 [info] > git rev-parse --show-toplevel [17ms]
2024-08-04 02:28:19.783 [info] fatal: not a git repository (or any parent up to mount point /)
Stopping at filesystem boundary (GIT_DISCOVERY_ACROSS_FILESYSTEM not set).
2024-08-04 02:28:19.785 [info] [Model][doInitialScan] Initial repository scan completed - repositories (0), closed repositories (0), parent repositories (0), unsafe repositories (0)
2024-08-04 02:29:01.525 [info] > git rev-parse --show-toplevel [6ms]
2024-08-04 02:29:01.525 [info] fatal: not a git repository (or any parent up to mount point /)
Stopping at filesystem boundary (GIT_DISCOVERY_ACROSS_FILESYSTEM not set).
2024-08-04 02:29:47.052 [info] > git rev-parse --show-toplevel [5ms]
2024-08-04 02:29:47.052 [info] fatal: not a git repository (or any parent up to mount point /)
Stopping at filesystem boundary (GIT_DISCOVERY_ACROSS_FILESYSTEM not set).
