2024-08-13 14:11:06.394 [info] Added views:workbench.panel.markers.view in workbench.panel.markers
2024-08-13 14:11:06.394 [info] Added views:workbench.panel.output in workbench.panel.output
2024-08-13 14:11:06.395 [info] Added views:terminal in terminal
2024-08-13 14:11:06.395 [info] Added views:outline in workbench.view.explorer
2024-08-13 14:11:06.395 [info] Added views:workbench.scm in workbench.view.scm
2024-08-13 14:11:06.395 [info] Added views:workbench.view.search in workbench.view.search
2024-08-13 14:11:06.395 [info] Added views:timeline in workbench.view.explorer
2024-08-13 14:11:06.395 [info] Added views:workbench.explorer.fileView in workbench.view.explorer
2024-08-13 14:11:08.694 [info] Added views:workbench.debug.variablesView,workbench.debug.watchExpressionsView,workbench.debug.callStackView,workbench.debug.breakPointsView in workbench.view.debug
2024-08-13 14:11:08.845 [info] Added views:workbench.panel.repl.view in workbench.panel.repl
2024-08-13 14:11:08.849 [info] Removed views:workbench.debug.breakPointsView,workbench.debug.callStackView,workbench.debug.watchExpressionsView,workbench.debug.variablesView from workbench.view.debug
2024-08-13 14:11:08.852 [info] Added views:workbench.debug.welcome in workbench.view.debug
2024-08-13 14:11:09.776 [info] Added views:~remote.forwardedPorts in ~remote.forwardedPortsContainer
2024-08-13 14:11:10.268 [info] Added views:workbench.views.extensions.installed,extensions.recommendedList in workbench.view.extensions
2024-08-13 14:11:10.796 [info] Removed views:extensions.recommendedList,workbench.views.extensions.installed from workbench.view.extensions
2024-08-13 14:11:10.814 [info] Added views:workbench.views.extensions.marketplace in workbench.view.extensions
2024-08-13 14:15:55.022 [info] Added views:workbench.panel.markers.view in workbench.panel.markers
2024-08-13 14:15:55.023 [info] Added views:workbench.panel.output in workbench.panel.output
2024-08-13 14:15:55.023 [info] Added views:terminal in terminal
2024-08-13 14:15:55.023 [info] Added views:outline in workbench.view.explorer
2024-08-13 14:15:55.023 [info] Added views:workbench.scm in workbench.view.scm
2024-08-13 14:15:55.023 [info] Added views:workbench.view.search in workbench.view.search
2024-08-13 14:15:55.023 [info] Added views:timeline in workbench.view.explorer
2024-08-13 14:15:55.023 [info] Added views:workbench.explorer.fileView in workbench.view.explorer
2024-08-13 14:15:57.321 [info] Added views:workbench.debug.welcome in workbench.view.debug
2024-08-13 14:15:57.442 [info] Added views:workbench.panel.repl.view in workbench.panel.repl
2024-08-13 14:15:58.844 [info] Added views:~remote.forwardedPorts in ~remote.forwardedPortsContainer
2024-08-13 14:15:59.185 [info] Added views:workbench.views.extensions.installed,extensions.recommendedList in workbench.view.extensions
2024-08-13 14:17:07.349 [info] Removed views:extensions.recommendedList,workbench.views.extensions.installed from workbench.view.extensions
2024-08-13 14:17:07.373 [info] Added views:workbench.views.extensions.marketplace in workbench.view.extensions
